DB 연결 : 172.19.0.3
날짜설정
=== 2022-01-25 15:05:02.193745 ===
폴더 생성 준비
엑셀파일 생성
엑셀파일 생성
엑셀파일 생성
엑셀파일 생성
폴더가 생성되었습니다.
엑셀파일 생성
폴더 생성
쓰레드 시작
##Setting Display
##Setting Display
##Setting Display
##Crolling_Start
##Crolling_Start
##Crolling_Start
---chromedriver_auto install done
---chromedriver_auto install done
---chromedriver_auto install done
---Open Page
---Open Page
---Open Page
[사회] [사회 일반] 메뉴를 탐색합니다.
[경제] [경제 일반] 메뉴를 탐색합니다.
[사회] [사건사고] 메뉴를 탐색합니다.
1월25일(화)
1월25일(화)
1월25일(화)
현재 페이지 수 : 11
현재 페이지 수 : 11
현재 페이지 수 : 11
다음페이지로 이동합니다.
다음페이지로 이동합니다.
다음페이지로 이동합니다.
현재 페이지 수 : 12
현재 페이지 수 : 12
현재 페이지 수 : 12
다음페이지로 이동합니다.
다음페이지로 이동합니다.
다음페이지로 이동합니다.
현재 페이지 수 : 12
현재 페이지 수 : 12
다음페이지로 이동합니다.
다음페이지로 이동합니다.
현재 페이지 수 : 12
다음페이지로 이동합니다.
현재 페이지 수 : 12
현재 페이지 수 : 7
마지막 페이지 : 36
다음페이지로 이동합니다.
마지막 페이지입니다.
첫번째 페이지까지 자동 스크랩을 실행합니다.
현재 페이지 수 : 12
다음페이지로 이동합니다.
=== [사건사고]현재 페이지 : 36 PAGE ===NOW TIME : 2022-01-25 15:06:22.872301
---Crop Start
뉴스 리스트 출력 : 14
현재 페이지 수 : 12
현재 페이지 수 : 12
다음페이지로 이동합니다.
다음페이지로 이동합니다.
현재 페이지 수 : 12
다음페이지로 이동합니다.
현재 페이지 수 : 12
다음페이지로 이동합니다.
현재 페이지 수 : 12
다음페이지로 이동합니다.
현재 페이지 수 : 12
다음페이지로 이동합니다.
현재 페이지 수 : 12
다음페이지로 이동합니다.
현재 페이지 수 : 12
다음페이지로 이동합니다.
현재 페이지 수 : 12
다음페이지로 이동합니다.
현재 페이지 수 : 12
다음페이지로 이동합니다.
현재 페이지 수 : 12
다음페이지로 이동합니다.
현재 페이지 수 : 12
다음페이지로 이동합니다.
현재 페이지 수 : 12
다음페이지로 이동합니다.
현재 페이지 수 : 12
다음페이지로 이동합니다.
현재 페이지 수 : 12
현재 페이지 수 : 12
다음페이지로 이동합니다.
다음페이지로 이동합니다.
현재 페이지 수 : 12
현재 페이지 수 : 2
마지막 페이지 : 121
첫번째 페이지까지 자동 스크랩을 실행합니다.
다음페이지로 이동합니다.
=== [경제 일반]현재 페이지 : 121 PAGE ===NOW TIME : 2022-01-25 15:07:37.384145
---Crop Start
뉴스 리스트 출력 : 4
현재 페이지 수 : 12
다음페이지로 이동합니다.
현재 페이지 수 : 12
다음페이지로 이동합니다.
현재 페이지 수 : 12
다음페이지로 이동합니다.
현재 페이지 수 : 12
다음페이지로 이동합니다.
현재 페이지 수 : 12
다음페이지로 이동합니다.
현재 페이지 수 : 12
=== [경제 일반]48 second ===
##페이지 한단락을 이동합니다
다음페이지로 이동합니다.
=== [경제 일반]현재 페이지 : 120 PAGE ===NOW TIME : 2022-01-25 15:08:33.554912
---Crop Start
뉴스 리스트 출력 : 9
현재 페이지 수 : 12
=== [사건사고]134 second ===
다음페이지로 이동합니다.
35페이지로 이동합니다
현재 페이지 수 : 12
다음페이지로 이동합니다.
=== [사건사고]현재 페이지 : 35 PAGE ===NOW TIME : 2022-01-25 15:08:47.274639
---Crop Start
뉴스 리스트 출력 : 19
현재 페이지 수 : 12
다음페이지로 이동합니다.
현재 페이지 수 : 12
다음페이지로 이동합니다.
현재 페이지 수 : 12
다음페이지로 이동합니다.
현재 페이지 수 : 12
다음페이지로 이동합니다.
현재 페이지 수 : 12
다음페이지로 이동합니다.
현재 페이지 수 : 12
다음페이지로 이동합니다.
현재 페이지 수 : 5
마지막 페이지 : 274
마지막 페이지입니다.
첫번째 페이지까지 자동 스크랩을 실행합니다.
=== [사회 일반]현재 페이지 : 274 PAGE ===NOW TIME : 2022-01-25 15:09:43.152297
---Crop Start
뉴스 리스트 출력 : 11
=== [경제 일반]82 second ===
119페이지로 이동합니다
=== [경제 일반]현재 페이지 : 119 PAGE ===NOW TIME : 2022-01-25 15:10:04.261684
---Crop Start
뉴스 리스트 출력 : 14
=== [사회 일반]83 second ===
273페이지로 이동합니다
=== [사회 일반]현재 페이지 : 273 PAGE ===NOW TIME : 2022-01-25 15:11:14.152627
---Crop Start
뉴스 리스트 출력 : 15
=== [사건사고]151 second ===
34페이지로 이동합니다
=== [사건사고]현재 페이지 : 34 PAGE ===NOW TIME : 2022-01-25 15:11:27.084476
---Crop Start
뉴스 리스트 출력 : 20
=== [경제 일반]105 second ===
118페이지로 이동합니다
=== [경제 일반]현재 페이지 : 118 PAGE ===NOW TIME : 2022-01-25 15:11:56.920835
---Crop Start
뉴스 리스트 출력 : 18
다른유형의 기사입니다. 해당 기사는 오류로 인해 건너뜁니다.
=== [사회 일반]141 second ===
272페이지로 이동합니다
=== [사회 일반]현재 페이지 : 272 PAGE ===NOW TIME : 2022-01-25 15:13:43.935565
---Crop Start
뉴스 리스트 출력 : 18
=== [사건사고]186 second ===
33페이지로 이동합니다
=== [경제 일반]162 second ===
117페이지로 이동합니다
=== [사건사고]현재 페이지 : 33 PAGE ===NOW TIME : 2022-01-25 15:14:43.578262
---Crop Start
뉴스 리스트 출력 : 20
=== [경제 일반]현재 페이지 : 117 PAGE ===NOW TIME : 2022-01-25 15:14:48.028564
---Crop Start
뉴스 리스트 출력 : 12
=== [경제 일반]94 second ===
116페이지로 이동합니다
=== [사회 일반]160 second ===
271페이지로 이동합니다
=== [경제 일반]현재 페이지 : 116 PAGE ===NOW TIME : 2022-01-25 15:16:31.193608
---Crop Start
뉴스 리스트 출력 : 18
=== [사회 일반]현재 페이지 : 271 PAGE ===NOW TIME : 2022-01-25 15:16:32.411434
---Crop Start
뉴스 리스트 출력 : 16
=== [사건사고]160 second ===
32페이지로 이동합니다
=== [사건사고]현재 페이지 : 32 PAGE ===NOW TIME : 2022-01-25 15:17:30.775197
---Crop Start
뉴스 리스트 출력 : 20
=== [사회 일반]126 second ===
##페이지 한단락을 이동합니다
=== [사회 일반]현재 페이지 : 270 PAGE ===NOW TIME : 2022-01-25 15:18:44.981439
---Crop Start
뉴스 리스트 출력 : 17
=== [경제 일반]136 second ===
115페이지로 이동합니다
=== [경제 일반]현재 페이지 : 115 PAGE ===NOW TIME : 2022-01-25 15:18:55.863467
---Crop Start
뉴스 리스트 출력 : 18
=== [사건사고]144 second ===
31페이지로 이동합니다
=== [사건사고]현재 페이지 : 31 PAGE ===NOW TIME : 2022-01-25 15:20:02.232710
---Crop Start
뉴스 리스트 출력 : 20
=== [사회 일반]127 second ===
269페이지로 이동합니다
=== [사회 일반]현재 페이지 : 269 PAGE ===NOW TIME : 2022-01-25 15:20:59.746412
---Crop Start
뉴스 리스트 출력 : 17
=== [경제 일반]133 second ===
114페이지로 이동합니다
=== [경제 일반]현재 페이지 : 114 PAGE ===NOW TIME : 2022-01-25 15:21:16.711675
---Crop Start
뉴스 리스트 출력 : 16
=== [사건사고]176 second ===
##페이지 한단락을 이동합니다
=== [사건사고]현재 페이지 : 30 PAGE ===NOW TIME : 2022-01-25 15:23:06.040627
---Crop Start
뉴스 리스트 출력 : 20
=== [사회 일반]174 second ===
268페이지로 이동합니다
=== [경제 일반]164 second ===
113페이지로 이동합니다
=== [사회 일반]현재 페이지 : 268 PAGE ===NOW TIME : 2022-01-25 15:24:03.406798
---Crop Start
뉴스 리스트 출력 : 19
=== [경제 일반]현재 페이지 : 113 PAGE ===NOW TIME : 2022-01-25 15:24:06.933895
---Crop Start
뉴스 리스트 출력 : 17
=== [사건사고]174 second ===
29페이지로 이동합니다
=== [사건사고]현재 페이지 : 29 PAGE ===NOW TIME : 2022-01-25 15:26:10.162788
---Crop Start
뉴스 리스트 출력 : 19
=== [경제 일반]142 second ===
112페이지로 이동합니다
=== [사회 일반]153 second ===
=== [경제 일반]현재 페이지 : 112 PAGE ===NOW TIME : 2022-01-25 15:26:36.479162
---Crop Start
뉴스 리스트 출력 : 19
267페이지로 이동합니다
=== [사회 일반]현재 페이지 : 267 PAGE ===NOW TIME : 2022-01-25 15:26:43.691317
---Crop Start
뉴스 리스트 출력 : 17
=== [사건사고]139 second ===
28페이지로 이동합니다
=== [사건사고]현재 페이지 : 28 PAGE ===NOW TIME : 2022-01-25 15:28:37.090103
---Crop Start
뉴스 리스트 출력 : 19
=== [사회 일반]120 second ===
266페이지로 이동합니다
=== [사회 일반]현재 페이지 : 266 PAGE ===NOW TIME : 2022-01-25 15:28:50.738833
---Crop Start
뉴스 리스트 출력 : 19
=== [경제 일반]137 second ===
111페이지로 이동합니다
=== [경제 일반]현재 페이지 : 111 PAGE ===NOW TIME : 2022-01-25 15:29:02.874614
---Crop Start
뉴스 리스트 출력 : 17
=== [사건사고]146 second ===
27페이지로 이동합니다
=== [사건사고]현재 페이지 : 27 PAGE ===NOW TIME : 2022-01-25 15:31:10.624008
---Crop Start
뉴스 리스트 출력 : 20
=== [경제 일반]129 second ===
##페이지 한단락을 이동합니다
=== [사회 일반]142 second ===
265페이지로 이동합니다
=== [경제 일반]현재 페이지 : 110 PAGE ===NOW TIME : 2022-01-25 15:31:20.190543
---Crop Start
뉴스 리스트 출력 : 20
=== [사회 일반]현재 페이지 : 265 PAGE ===NOW TIME : 2022-01-25 15:31:21.893612
---Crop Start
뉴스 리스트 출력 : 20
=== [사건사고]152 second ===
26페이지로 이동합니다
=== [사건사고]현재 페이지 : 26 PAGE ===NOW TIME : 2022-01-25 15:33:50.245162
---Crop Start
뉴스 리스트 출력 : 20
=== [경제 일반]152 second ===
109페이지로 이동합니다
=== [사회 일반]156 second ===
264페이지로 이동합니다
=== [경제 일반]현재 페이지 : 109 PAGE ===NOW TIME : 2022-01-25 15:34:01.857088
---Crop Start
뉴스 리스트 출력 : 20
=== [사회 일반]현재 페이지 : 264 PAGE ===NOW TIME : 2022-01-25 15:34:04.481691
---Crop Start
뉴스 리스트 출력 : 20
=== [사건사고]185 second ===
25페이지로 이동합니다
=== [사건사고]현재 페이지 : 25 PAGE ===NOW TIME : 2022-01-25 15:37:02.058782
---Crop Start
뉴스 리스트 출력 : 20
=== [경제 일반]186 second ===
108페이지로 이동합니다
=== [사회 일반]189 second ===
263페이지로 이동합니다
=== [경제 일반]현재 페이지 : 108 PAGE ===NOW TIME : 2022-01-25 15:37:16.931948
---Crop Start
뉴스 리스트 출력 : 20
=== [사회 일반]현재 페이지 : 263 PAGE ===NOW TIME : 2022-01-25 15:37:21.170846
---Crop Start
뉴스 리스트 출력 : 20
=== [사건사고]177 second ===
24페이지로 이동합니다
=== [사건사고]현재 페이지 : 24 PAGE ===NOW TIME : 2022-01-25 15:40:06.460504
---Crop Start
뉴스 리스트 출력 : 19
=== [경제 일반]184 second ===
107페이지로 이동합니다
=== [경제 일반]현재 페이지 : 107 PAGE ===NOW TIME : 2022-01-25 15:40:29.690332
---Crop Start
뉴스 리스트 출력 : 18
=== [사회 일반]189 second ===
262페이지로 이동합니다
=== [사회 일반]현재 페이지 : 262 PAGE ===NOW TIME : 2022-01-25 15:40:37.328243
---Crop Start
뉴스 리스트 출력 : 20
=== [사건사고]173 second ===
23페이지로 이동합니다
=== [사건사고]현재 페이지 : 23 PAGE ===NOW TIME : 2022-01-25 15:43:08.651912
---Crop Start
뉴스 리스트 출력 : 20
=== [경제 일반]173 second ===
106페이지로 이동합니다
=== [경제 일반]현재 페이지 : 106 PAGE ===NOW TIME : 2022-01-25 15:43:33.722444
---Crop Start
뉴스 리스트 출력 : 20
=== [사회 일반]203 second ===
261페이지로 이동합니다
=== [사회 일반]현재 페이지 : 261 PAGE ===NOW TIME : 2022-01-25 15:44:10.141684
---Crop Start
뉴스 리스트 출력 : 20
=== [사건사고]197 second ===
22페이지로 이동합니다
=== [사건사고]현재 페이지 : 22 PAGE ===NOW TIME : 2022-01-25 15:46:34.185029
---Crop Start
뉴스 리스트 출력 : 20
=== [경제 일반]214 second ===
105페이지로 이동합니다
=== [경제 일반]현재 페이지 : 105 PAGE ===NOW TIME : 2022-01-25 15:47:17.065981
---Crop Start
뉴스 리스트 출력 : 20
=== [사회 일반]199 second ===
##페이지 한단락을 이동합니다
=== [사회 일반]현재 페이지 : 260 PAGE ===NOW TIME : 2022-01-25 15:47:38.828463
---Crop Start
뉴스 리스트 출력 : 20
=== [사건사고]180 second ===
21페이지로 이동합니다
=== [사건사고]현재 페이지 : 21 PAGE ===NOW TIME : 2022-01-25 15:49:42.262824
---Crop Start
뉴스 리스트 출력 : 16
=== [경제 일반]190 second ===
104페이지로 이동합니다
=== [경제 일반]현재 페이지 : 104 PAGE ===NOW TIME : 2022-01-25 15:50:34.451822
---Crop Start
뉴스 리스트 출력 : 12
=== [사회 일반]197 second ===
259페이지로 이동합니다
=== [사회 일반]현재 페이지 : 259 PAGE ===NOW TIME : 2022-01-25 15:51:05.844909
---Crop Start
뉴스 리스트 출력 : 20
=== [사건사고]145 second ===
##페이지 한단락을 이동합니다
=== [사건사고]현재 페이지 : 20 PAGE ===NOW TIME : 2022-01-25 15:52:17.427135
---Crop Start
뉴스 리스트 출력 : 19
=== [경제 일반]113 second ===
103페이지로 이동합니다
=== [경제 일반]현재 페이지 : 103 PAGE ===NOW TIME : 2022-01-25 15:52:35.967012
---Crop Start
뉴스 리스트 출력 : 20
=== [사회 일반]190 second ===
258페이지로 이동합니다
=== [사회 일반]현재 페이지 : 258 PAGE ===NOW TIME : 2022-01-25 15:54:24.116157
---Crop Start
뉴스 리스트 출력 : 20
=== [사건사고]169 second ===
19페이지로 이동합니다
=== [사건사고]현재 페이지 : 19 PAGE ===NOW TIME : 2022-01-25 15:55:13.724935
---Crop Start
뉴스 리스트 출력 : 20
=== [경제 일반]178 second ===
102페이지로 이동합니다
=== [경제 일반]현재 페이지 : 102 PAGE ===NOW TIME : 2022-01-25 15:55:43.205712
---Crop Start
뉴스 리스트 출력 : 20
=== [사회 일반]195 second ===
257페이지로 이동합니다
=== [사회 일반]현재 페이지 : 257 PAGE ===NOW TIME : 2022-01-25 15:57:48.986313
---Crop Start
뉴스 리스트 출력 : 20
=== [사건사고]176 second ===
18페이지로 이동합니다
=== [사건사고]현재 페이지 : 18 PAGE ===NOW TIME : 2022-01-25 15:58:19.812133
---Crop Start
뉴스 리스트 출력 : 20
=== [경제 일반]180 second ===
101페이지로 이동합니다
=== [경제 일반]현재 페이지 : 101 PAGE ===NOW TIME : 2022-01-25 15:58:51.026788
---Crop Start
뉴스 리스트 출력 : 15
=== [경제 일반]158 second ===
##페이지 한단락을 이동합니다
=== [사회 일반]224 second ===
256페이지로 이동합니다
=== [사건사고]196 second ===
17페이지로 이동합니다
=== [경제 일반]현재 페이지 : 100 PAGE ===NOW TIME : 2022-01-25 16:01:38.139902
---Crop Start
뉴스 리스트 출력 : 20
=== [사회 일반]현재 페이지 : 256 PAGE ===NOW TIME : 2022-01-25 16:01:40.904952
---Crop Start
뉴스 리스트 출력 : 20
=== [사건사고]현재 페이지 : 17 PAGE ===NOW TIME : 2022-01-25 16:01:43.093878
---Crop Start
뉴스 리스트 출력 : 20
=== [경제 일반]197 second ===
99페이지로 이동합니다
=== [경제 일반]현재 페이지 : 99 PAGE ===NOW TIME : 2022-01-25 16:05:04.702402
---Crop Start
뉴스 리스트 출력 : 20
=== [사건사고]214 second ===
16페이지로 이동합니다
=== [사회 일반]217 second ===
255페이지로 이동합니다
=== [사건사고]현재 페이지 : 16 PAGE ===NOW TIME : 2022-01-25 16:05:24.321244
---Crop Start
뉴스 리스트 출력 : 20
=== [사회 일반]현재 페이지 : 255 PAGE ===NOW TIME : 2022-01-25 16:05:28.524296
---Crop Start
뉴스 리스트 출력 : 20
=== [경제 일반]210 second ===
98페이지로 이동합니다
=== [사건사고]197 second ===
15페이지로 이동합니다
=== [경제 일반]현재 페이지 : 98 PAGE ===NOW TIME : 2022-01-25 16:08:45.451905
---Crop Start
뉴스 리스트 출력 : 20
=== [사건사고]현재 페이지 : 15 PAGE ===NOW TIME : 2022-01-25 16:08:49.886038
---Crop Start
뉴스 리스트 출력 : 20
=== [사회 일반]210 second ===
254페이지로 이동합니다
=== [사회 일반]현재 페이지 : 254 PAGE ===NOW TIME : 2022-01-25 16:09:09.481151
---Crop Start
뉴스 리스트 출력 : 20
=== [경제 일반]187 second ===
97페이지로 이동합니다
=== [경제 일반]현재 페이지 : 97 PAGE ===NOW TIME : 2022-01-25 16:12:03.535437
---Crop Start
뉴스 리스트 출력 : 20
=== [사건사고]194 second ===
14페이지로 이동합니다
=== [사건사고]현재 페이지 : 14 PAGE ===NOW TIME : 2022-01-25 16:12:13.188042
---Crop Start
뉴스 리스트 출력 : 20
=== [사회 일반]197 second ===
253페이지로 이동합니다
=== [사회 일반]현재 페이지 : 253 PAGE ===NOW TIME : 2022-01-25 16:12:38.627881
---Crop Start
뉴스 리스트 출력 : 20
=== [경제 일반]197 second ===
96페이지로 이동합니다
=== [사건사고]191 second ===
13페이지로 이동합니다
=== [경제 일반]현재 페이지 : 96 PAGE ===NOW TIME : 2022-01-25 16:15:30.536846
---Crop Start
뉴스 리스트 출력 : 20
=== [사건사고]현재 페이지 : 13 PAGE ===NOW TIME : 2022-01-25 16:15:34.375510
---Crop Start
뉴스 리스트 출력 : 19
=== [사회 일반]210 second ===
252페이지로 이동합니다
=== [사회 일반]현재 페이지 : 252 PAGE ===NOW TIME : 2022-01-25 16:16:17.914430
---Crop Start
뉴스 리스트 출력 : 20
=== [사건사고]180 second ===
=== [경제 일반]185 second ===
12페이지로 이동합니다
95페이지로 이동합니다
=== [사건사고]현재 페이지 : 12 PAGE ===NOW TIME : 2022-01-25 16:18:44.900198
---Crop Start
뉴스 리스트 출력 : 19
=== [경제 일반]현재 페이지 : 95 PAGE ===NOW TIME : 2022-01-25 16:18:45.911576
---Crop Start
뉴스 리스트 출력 : 19
=== [사회 일반]196 second ===
251페이지로 이동합니다
=== [사회 일반]현재 페이지 : 251 PAGE ===NOW TIME : 2022-01-25 16:19:41.702809
---Crop Start
뉴스 리스트 출력 : 20
=== [사건사고]173 second ===
11페이지로 이동합니다
=== [사건사고]현재 페이지 : 11 PAGE ===NOW TIME : 2022-01-25 16:21:49.683053
---Crop Start
뉴스 리스트 출력 : 20
=== [경제 일반]186 second ===
94페이지로 이동합니다
=== [경제 일반]현재 페이지 : 94 PAGE ===NOW TIME : 2022-01-25 16:22:01.752186
---Crop Start
뉴스 리스트 출력 : 20
=== [사회 일반]184 second ===
##페이지 한단락을 이동합니다
=== [사회 일반]현재 페이지 : 250 PAGE ===NOW TIME : 2022-01-25 16:22:56.971228
---Crop Start
뉴스 리스트 출력 : 17
=== [사건사고]183 second ===
##페이지 한단락을 이동합니다
=== [사건사고]현재 페이지 : 10 PAGE ===NOW TIME : 2022-01-25 16:25:00.697629
---Crop Start
뉴스 리스트 출력 : 20
=== [경제 일반]193 second ===
93페이지로 이동합니다
=== [경제 일반]현재 페이지 : 93 PAGE ===NOW TIME : 2022-01-25 16:25:24.997645
---Crop Start
뉴스 리스트 출력 : 17
=== [사회 일반]152 second ===
249페이지로 이동합니다
=== [사회 일반]현재 페이지 : 249 PAGE ===NOW TIME : 2022-01-25 16:25:38.858426
---Crop Start
뉴스 리스트 출력 : 20
=== [경제 일반]158 second ===
92페이지로 이동합니다
=== [사건사고]189 second ===
9페이지로 이동합니다
=== [경제 일반]현재 페이지 : 92 PAGE ===NOW TIME : 2022-01-25 16:28:13.945913
---Crop Start
뉴스 리스트 출력 : 20
=== [사건사고]현재 페이지 : 9 PAGE ===NOW TIME : 2022-01-25 16:28:18.078646
---Crop Start
뉴스 리스트 출력 : 20
=== [사회 일반]188 second ===
248페이지로 이동합니다
=== [사회 일반]현재 페이지 : 248 PAGE ===NOW TIME : 2022-01-25 16:28:55.047429
---Crop Start
뉴스 리스트 출력 : 19
=== [경제 일반]190 second ===
=== [사건사고]188 second ===
91페이지로 이동합니다
8페이지로 이동합니다
=== [경제 일반]현재 페이지 : 91 PAGE ===NOW TIME : 2022-01-25 16:31:33.598332
---Crop Start
뉴스 리스트 출력 : 20
=== [사건사고]현재 페이지 : 8 PAGE ===NOW TIME : 2022-01-25 16:31:36.131427
---Crop Start
뉴스 리스트 출력 : 19
=== [사회 일반]171 second ===
247페이지로 이동합니다
=== [사회 일반]현재 페이지 : 247 PAGE ===NOW TIME : 2022-01-25 16:31:57.298479
---Crop Start
뉴스 리스트 출력 : 20
=== [사건사고]169 second ===
7페이지로 이동합니다
=== [사건사고]현재 페이지 : 7 PAGE ===NOW TIME : 2022-01-25 16:34:36.520669
---Crop Start
뉴스 리스트 출력 : 20
=== [경제 일반]184 second ===
##페이지 한단락을 이동합니다
=== [경제 일반]현재 페이지 : 90 PAGE ===NOW TIME : 2022-01-25 16:34:48.903743
---Crop Start
뉴스 리스트 출력 : 20
=== [사회 일반]180 second ===
246페이지로 이동합니다
=== [사회 일반]현재 페이지 : 246 PAGE ===NOW TIME : 2022-01-25 16:35:05.359256
---Crop Start
뉴스 리스트 출력 : 19
=== [사건사고]171 second ===
6페이지로 이동합니다
=== [사건사고]현재 페이지 : 6 PAGE ===NOW TIME : 2022-01-25 16:37:37.590874
---Crop Start
뉴스 리스트 출력 : 20
=== [경제 일반]170 second ===
=== [사회 일반]157 second ===
89페이지로 이동합니다
245페이지로 이동합니다
=== [경제 일반]현재 페이지 : 89 PAGE ===NOW TIME : 2022-01-25 16:37:49.167878
---Crop Start
뉴스 리스트 출력 : 20
=== [사회 일반]현재 페이지 : 245 PAGE ===NOW TIME : 2022-01-25 16:37:51.710778
---Crop Start
뉴스 리스트 출력 : 19
=== [사건사고]158 second ===
5페이지로 이동합니다
=== [사건사고]현재 페이지 : 5 PAGE ===NOW TIME : 2022-01-25 16:40:25.128441
---Crop Start
뉴스 리스트 출력 : 20
=== [사회 일반]155 second ===
=== [경제 일반]159 second ===
244페이지로 이동합니다
88페이지로 이동합니다
=== [사회 일반]현재 페이지 : 244 PAGE ===NOW TIME : 2022-01-25 16:40:38.597409
---Crop Start
뉴스 리스트 출력 : 19
=== [경제 일반]현재 페이지 : 88 PAGE ===NOW TIME : 2022-01-25 16:40:39.190479
---Crop Start
뉴스 리스트 출력 : 19
=== [사건사고]167 second ===
4페이지로 이동합니다
=== [사회 일반]160 second ===
243페이지로 이동합니다
=== [경제 일반]163 second ===
=== [사건사고]현재 페이지 : 4 PAGE ===NOW TIME : 2022-01-25 16:43:22.783468
---Crop Start
뉴스 리스트 출력 : 20
87페이지로 이동합니다
=== [사회 일반]현재 페이지 : 243 PAGE ===NOW TIME : 2022-01-25 16:43:26.866100
---Crop Start
뉴스 리스트 출력 : 20
=== [경제 일반]현재 페이지 : 87 PAGE ===NOW TIME : 2022-01-25 16:43:30.895507
---Crop Start
뉴스 리스트 출력 : 19
=== [경제 일반]182 second ===
=== [사건사고]192 second ===
3페이지로 이동합니다
86페이지로 이동합니다
=== [사회 일반]191 second ===
242페이지로 이동합니다
=== [사건사고]현재 페이지 : 3 PAGE ===NOW TIME : 2022-01-25 16:46:44.324675
---Crop Start
뉴스 리스트 출력 : 20
=== [경제 일반]현재 페이지 : 86 PAGE ===NOW TIME : 2022-01-25 16:46:44.561256
---Crop Start
뉴스 리스트 출력 : 20
=== [사회 일반]현재 페이지 : 242 PAGE ===NOW TIME : 2022-01-25 16:46:47.459135
---Crop Start
뉴스 리스트 출력 : 19
=== [사회 일반]171 second ===
241페이지로 이동합니다
=== [사건사고]179 second ===
2페이지로 이동합니다
=== [경제 일반]184 second ===
=== [사회 일반]현재 페이지 : 241 PAGE ===NOW TIME : 2022-01-25 16:49:48.705507
---Crop Start
뉴스 리스트 출력 : 20
85페이지로 이동합니다
=== [사건사고]현재 페이지 : 2 PAGE ===NOW TIME : 2022-01-25 16:49:53.737817
---Crop Start
뉴스 리스트 출력 : 17
=== [경제 일반]현재 페이지 : 85 PAGE ===NOW TIME : 2022-01-25 16:49:59.183427
---Crop Start
뉴스 리스트 출력 : 19
=== [사건사고]161 second ===
1페이지로 이동합니다
=== [사건사고]현재 페이지 : 1 PAGE ===NOW TIME : 2022-01-25 16:52:44.226985
---Crop Start
뉴스 리스트 출력 : 19
=== [사회 일반]187 second ===
##페이지 한단락을 이동합니다
=== [경제 일반]185 second ===
84페이지로 이동합니다
=== [사회 일반]현재 페이지 : 240 PAGE ===NOW TIME : 2022-01-25 16:53:06.187501
---Crop Start
뉴스 리스트 출력 : 20
=== [경제 일반]현재 페이지 : 84 PAGE ===NOW TIME : 2022-01-25 16:53:12.568731
---Crop Start
뉴스 리스트 출력 : 20
=== [사건사고]183 second ===
마지막 페이지 입니다.
쓰레드2 종료
=== [사회 일반]180 second ===
239페이지로 이동합니다
=== [경제 일반]181 second ===
=== [사회 일반]현재 페이지 : 239 PAGE ===NOW TIME : 2022-01-25 16:56:14.065907
---Crop Start
뉴스 리스트 출력 : 19
83페이지로 이동합니다
=== [경제 일반]현재 페이지 : 83 PAGE ===NOW TIME : 2022-01-25 16:56:21.454767
---Crop Start
뉴스 리스트 출력 : 19
=== [사회 일반]98 second ===
238페이지로 이동합니다
=== [경제 일반]99 second ===
=== [사회 일반]현재 페이지 : 238 PAGE ===NOW TIME : 2022-01-25 16:58:01.024257
---Crop Start
뉴스 리스트 출력 : 20
82페이지로 이동합니다
=== [경제 일반]현재 페이지 : 82 PAGE ===NOW TIME : 2022-01-25 16:58:07.076477
---Crop Start
뉴스 리스트 출력 : 20
=== [사회 일반]98 second ===
237페이지로 이동합니다
=== [경제 일반]99 second ===
=== [사회 일반]현재 페이지 : 237 PAGE ===NOW TIME : 2022-01-25 16:59:46.760525
---Crop Start
뉴스 리스트 출력 : 18
81페이지로 이동합니다
=== [경제 일반]현재 페이지 : 81 PAGE ===NOW TIME : 2022-01-25 16:59:53.505685
---Crop Start
뉴스 리스트 출력 : 18
=== [사회 일반]97 second ===
236페이지로 이동합니다
=== [경제 일반]96 second ===
=== [사회 일반]현재 페이지 : 236 PAGE ===NOW TIME : 2022-01-25 17:01:30.528999
---Crop Start
뉴스 리스트 출력 : 20
##페이지 한단락을 이동합니다
=== [경제 일반]현재 페이지 : 80 PAGE ===NOW TIME : 2022-01-25 17:01:36.670811
---Crop Start
뉴스 리스트 출력 : 20
=== [사회 일반]100 second ===
235페이지로 이동합니다
=== [경제 일반]101 second ===
=== [사회 일반]현재 페이지 : 235 PAGE ===NOW TIME : 2022-01-25 17:03:18.566963
---Crop Start
뉴스 리스트 출력 : 18
79페이지로 이동합니다
=== [경제 일반]현재 페이지 : 79 PAGE ===NOW TIME : 2022-01-25 17:03:27.628530
---Crop Start
뉴스 리스트 출력 : 20
=== [사회 일반]89 second ===
234페이지로 이동합니다
=== [사회 일반]현재 페이지 : 234 PAGE ===NOW TIME : 2022-01-25 17:04:55.282367
---Crop Start
뉴스 리스트 출력 : 18
=== [경제 일반]97 second ===
78페이지로 이동합니다
=== [경제 일반]현재 페이지 : 78 PAGE ===NOW TIME : 2022-01-25 17:05:12.252728
---Crop Start
뉴스 리스트 출력 : 20
=== [사회 일반]90 second ===
233페이지로 이동합니다
=== [사회 일반]현재 페이지 : 233 PAGE ===NOW TIME : 2022-01-25 17:06:32.986399
---Crop Start
뉴스 리스트 출력 : 20
=== [경제 일반]103 second ===
77페이지로 이동합니다
=== [경제 일반]현재 페이지 : 77 PAGE ===NOW TIME : 2022-01-25 17:07:03.202782
---Crop Start
뉴스 리스트 출력 : 20
=== [사회 일반]103 second ===
232페이지로 이동합니다
=== [사회 일반]현재 페이지 : 232 PAGE ===NOW TIME : 2022-01-25 17:08:23.263330
---Crop Start
뉴스 리스트 출력 : 20
=== [경제 일반]102 second ===
76페이지로 이동합니다
=== [경제 일반]현재 페이지 : 76 PAGE ===NOW TIME : 2022-01-25 17:08:53.478492
---Crop Start
뉴스 리스트 출력 : 20
=== [사회 일반]100 second ===
231페이지로 이동합니다
=== [사회 일반]현재 페이지 : 231 PAGE ===NOW TIME : 2022-01-25 17:10:12.862930
---Crop Start
뉴스 리스트 출력 : 19
=== [경제 일반]106 second ===
75페이지로 이동합니다
=== [경제 일반]현재 페이지 : 75 PAGE ===NOW TIME : 2022-01-25 17:10:47.960789
---Crop Start
뉴스 리스트 출력 : 19
=== [사회 일반]99 second ===
##페이지 한단락을 이동합니다
=== [사회 일반]현재 페이지 : 230 PAGE ===NOW TIME : 2022-01-25 17:11:59.919344
---Crop Start
뉴스 리스트 출력 : 19
=== [경제 일반]98 second ===
74페이지로 이동합니다
=== [경제 일반]현재 페이지 : 74 PAGE ===NOW TIME : 2022-01-25 17:12:34.021229
---Crop Start
뉴스 리스트 출력 : 19
=== [사회 일반]96 second ===
229페이지로 이동합니다
=== [사회 일반]현재 페이지 : 229 PAGE ===NOW TIME : 2022-01-25 17:13:43.640859
---Crop Start
뉴스 리스트 출력 : 20
=== [경제 일반]94 second ===
73페이지로 이동합니다
=== [경제 일반]현재 페이지 : 73 PAGE ===NOW TIME : 2022-01-25 17:14:17.089900
---Crop Start
뉴스 리스트 출력 : 19
=== [사회 일반]107 second ===
228페이지로 이동합니다
=== [사회 일반]현재 페이지 : 228 PAGE ===NOW TIME : 2022-01-25 17:15:37.924580
---Crop Start
뉴스 리스트 출력 : 19
=== [경제 일반]99 second ===
72페이지로 이동합니다
=== [경제 일반]현재 페이지 : 72 PAGE ===NOW TIME : 2022-01-25 17:16:05.075877
---Crop Start
뉴스 리스트 출력 : 20
=== [사회 일반]93 second ===
227페이지로 이동합니다
=== [사회 일반]현재 페이지 : 227 PAGE ===NOW TIME : 2022-01-25 17:17:19.071432
---Crop Start
뉴스 리스트 출력 : 20
=== [경제 일반]100 second ===
71페이지로 이동합니다
=== [경제 일반]현재 페이지 : 71 PAGE ===NOW TIME : 2022-01-25 17:17:53.189768
---Crop Start
뉴스 리스트 출력 : 17
=== [사회 일반]101 second ===
226페이지로 이동합니다
=== [사회 일반]현재 페이지 : 226 PAGE ===NOW TIME : 2022-01-25 17:19:08.104400
---Crop Start
뉴스 리스트 출력 : 20
=== [경제 일반]86 second ===
##페이지 한단락을 이동합니다
=== [경제 일반]현재 페이지 : 70 PAGE ===NOW TIME : 2022-01-25 17:19:27.529740
---Crop Start
뉴스 리스트 출력 : 20
=== [사회 일반]99 second ===
225페이지로 이동합니다
=== [사회 일반]현재 페이지 : 225 PAGE ===NOW TIME : 2022-01-25 17:20:55.189169
---Crop Start
뉴스 리스트 출력 : 19
=== [경제 일반]101 second ===
69페이지로 이동합니다
=== [경제 일반]현재 페이지 : 69 PAGE ===NOW TIME : 2022-01-25 17:21:15.680177
---Crop Start
뉴스 리스트 출력 : 20
=== [사회 일반]93 second ===
224페이지로 이동합니다
=== [사회 일반]현재 페이지 : 224 PAGE ===NOW TIME : 2022-01-25 17:22:36.063594
---Crop Start
뉴스 리스트 출력 : 19
=== [경제 일반]101 second ===
68페이지로 이동합니다
=== [경제 일반]현재 페이지 : 68 PAGE ===NOW TIME : 2022-01-25 17:23:04.452811
---Crop Start
뉴스 리스트 출력 : 20
=== [사회 일반]96 second ===
223페이지로 이동합니다
=== [사회 일반]현재 페이지 : 223 PAGE ===NOW TIME : 2022-01-25 17:24:19.175897
---Crop Start
뉴스 리스트 출력 : 19
=== [경제 일반]99 second ===
67페이지로 이동합니다
=== [경제 일반]현재 페이지 : 67 PAGE ===NOW TIME : 2022-01-25 17:24:51.706087
---Crop Start
뉴스 리스트 출력 : 15
=== [사회 일반]96 second ===
222페이지로 이동합니다
=== [사회 일반]현재 페이지 : 222 PAGE ===NOW TIME : 2022-01-25 17:26:02.741923
---Crop Start
뉴스 리스트 출력 : 20
=== [경제 일반]75 second ===
66페이지로 이동합니다
=== [경제 일반]현재 페이지 : 66 PAGE ===NOW TIME : 2022-01-25 17:26:15.174017
---Crop Start
뉴스 리스트 출력 : 20
다른유형의 기사입니다. 해당 기사는 오류로 인해 건너뜁니다.
=== [사회 일반]108 second ===
221페이지로 이동합니다
=== [경제 일반]100 second ===
65페이지로 이동합니다
=== [사회 일반]현재 페이지 : 221 PAGE ===NOW TIME : 2022-01-25 17:27:58.405409
---Crop Start
뉴스 리스트 출력 : 19
=== [경제 일반]현재 페이지 : 65 PAGE ===NOW TIME : 2022-01-25 17:28:02.228264
---Crop Start
뉴스 리스트 출력 : 19
=== [사회 일반]94 second ===
##페이지 한단락을 이동합니다
=== [경제 일반]92 second ===
64페이지로 이동합니다
=== [사회 일반]현재 페이지 : 220 PAGE ===NOW TIME : 2022-01-25 17:29:39.873399
---Crop Start
뉴스 리스트 출력 : 19
=== [경제 일반]현재 페이지 : 64 PAGE ===NOW TIME : 2022-01-25 17:29:42.344977
---Crop Start
뉴스 리스트 출력 : 17
=== [경제 일반]91 second ===
63페이지로 이동합니다
=== [사회 일반]101 second ===
=== [경제 일반]현재 페이지 : 63 PAGE ===NOW TIME : 2022-01-25 17:31:22.217299
---Crop Start
뉴스 리스트 출력 : 15
219페이지로 이동합니다
=== [사회 일반]현재 페이지 : 219 PAGE ===NOW TIME : 2022-01-25 17:31:28.816654
---Crop Start
뉴스 리스트 출력 : 19
=== [경제 일반]76 second ===
62페이지로 이동합니다
=== [경제 일반]현재 페이지 : 62 PAGE ===NOW TIME : 2022-01-25 17:32:45.637070
---Crop Start
뉴스 리스트 출력 : 19
=== [사회 일반]96 second ===
218페이지로 이동합니다
=== [사회 일반]현재 페이지 : 218 PAGE ===NOW TIME : 2022-01-25 17:33:12.919467
---Crop Start
뉴스 리스트 출력 : 19
=== [경제 일반]92 second ===
61페이지로 이동합니다
=== [경제 일반]현재 페이지 : 61 PAGE ===NOW TIME : 2022-01-25 17:34:27.279917
---Crop Start
뉴스 리스트 출력 : 20
=== [사회 일반]95 second ===
217페이지로 이동합니다
=== [사회 일반]현재 페이지 : 217 PAGE ===NOW TIME : 2022-01-25 17:34:56.200828
---Crop Start
뉴스 리스트 출력 : 20
=== [경제 일반]97 second ===
##페이지 한단락을 이동합니다
=== [경제 일반]현재 페이지 : 60 PAGE ===NOW TIME : 2022-01-25 17:36:12.450229
---Crop Start
뉴스 리스트 출력 : 20
=== [사회 일반]100 second ===
216페이지로 이동합니다
=== [사회 일반]현재 페이지 : 216 PAGE ===NOW TIME : 2022-01-25 17:36:44.323596
---Crop Start
뉴스 리스트 출력 : 20
=== [경제 일반]100 second ===
59페이지로 이동합니다
=== [경제 일반]현재 페이지 : 59 PAGE ===NOW TIME : 2022-01-25 17:38:01.008239
---Crop Start
뉴스 리스트 출력 : 14
=== [사회 일반]100 second ===
215페이지로 이동합니다
=== [사회 일반]현재 페이지 : 215 PAGE ===NOW TIME : 2022-01-25 17:38:32.348738
---Crop Start
뉴스 리스트 출력 : 20
=== [경제 일반]72 second ===
58페이지로 이동합니다
=== [경제 일반]현재 페이지 : 58 PAGE ===NOW TIME : 2022-01-25 17:39:21.448833
---Crop Start
뉴스 리스트 출력 : 20
=== [사회 일반]103 second ===
214페이지로 이동합니다
=== [사회 일반]현재 페이지 : 214 PAGE ===NOW TIME : 2022-01-25 17:40:23.483146
---Crop Start
뉴스 리스트 출력 : 20
=== [경제 일반]103 second ===
57페이지로 이동합니다
=== [경제 일반]현재 페이지 : 57 PAGE ===NOW TIME : 2022-01-25 17:41:13.105974
---Crop Start
뉴스 리스트 출력 : 20
=== [사회 일반]102 second ===
213페이지로 이동합니다
=== [사회 일반]현재 페이지 : 213 PAGE ===NOW TIME : 2022-01-25 17:42:13.975623
---Crop Start
뉴스 리스트 출력 : 19
=== [경제 일반]103 second ===
56페이지로 이동합니다
=== [경제 일반]현재 페이지 : 56 PAGE ===NOW TIME : 2022-01-25 17:43:04.410694
---Crop Start
뉴스 리스트 출력 : 19
=== [사회 일반]98 second ===
212페이지로 이동합니다
=== [사회 일반]현재 페이지 : 212 PAGE ===NOW TIME : 2022-01-25 17:44:00.662276
---Crop Start
뉴스 리스트 출력 : 20
=== [경제 일반]96 second ===
55페이지로 이동합니다
=== [경제 일반]현재 페이지 : 55 PAGE ===NOW TIME : 2022-01-25 17:44:48.917949
---Crop Start
뉴스 리스트 출력 : 18
=== [사회 일반]101 second ===
211페이지로 이동합니다
=== [사회 일반]현재 페이지 : 211 PAGE ===NOW TIME : 2022-01-25 17:45:49.321389
---Crop Start
뉴스 리스트 출력 : 20
=== [경제 일반]95 second ===
54페이지로 이동합니다
=== [경제 일반]현재 페이지 : 54 PAGE ===NOW TIME : 2022-01-25 17:46:32.115805
---Crop Start
뉴스 리스트 출력 : 19
=== [사회 일반]100 second ===
##페이지 한단락을 이동합니다
=== [사회 일반]현재 페이지 : 210 PAGE ===NOW TIME : 2022-01-25 17:47:36.947629
---Crop Start
뉴스 리스트 출력 : 20
=== [경제 일반]93 second ===
53페이지로 이동합니다
=== [경제 일반]현재 페이지 : 53 PAGE ===NOW TIME : 2022-01-25 17:48:13.473860
---Crop Start
뉴스 리스트 출력 : 20
=== [사회 일반]100 second ===
209페이지로 이동합니다
=== [사회 일반]현재 페이지 : 209 PAGE ===NOW TIME : 2022-01-25 17:49:25.888786
---Crop Start
뉴스 리스트 출력 : 19
=== [경제 일반]102 second ===
52페이지로 이동합니다
=== [경제 일반]현재 페이지 : 52 PAGE ===NOW TIME : 2022-01-25 17:50:03.488756
---Crop Start
뉴스 리스트 출력 : 18
=== [사회 일반]94 second ===
208페이지로 이동합니다
=== [사회 일반]현재 페이지 : 208 PAGE ===NOW TIME : 2022-01-25 17:51:07.715267
---Crop Start
뉴스 리스트 출력 : 18
=== [경제 일반]89 second ===
51페이지로 이동합니다
=== [경제 일반]현재 페이지 : 51 PAGE ===NOW TIME : 2022-01-25 17:51:40.932265
---Crop Start
뉴스 리스트 출력 : 19
=== [사회 일반]92 second ===
207페이지로 이동합니다
=== [사회 일반]현재 페이지 : 207 PAGE ===NOW TIME : 2022-01-25 17:52:47.735849
---Crop Start
뉴스 리스트 출력 : 19
=== [경제 일반]94 second ===
##페이지 한단락을 이동합니다
=== [경제 일반]현재 페이지 : 50 PAGE ===NOW TIME : 2022-01-25 17:53:24.778542
---Crop Start
뉴스 리스트 출력 : 20
=== [사회 일반]96 second ===
206페이지로 이동합니다
=== [사회 일반]현재 페이지 : 206 PAGE ===NOW TIME : 2022-01-25 17:54:32.484482
---Crop Start
뉴스 리스트 출력 : 20
=== [경제 일반]99 second ===
49페이지로 이동합니다
=== [경제 일반]현재 페이지 : 49 PAGE ===NOW TIME : 2022-01-25 17:55:12.436319
---Crop Start
뉴스 리스트 출력 : 17
=== [사회 일반]97 second ===
205페이지로 이동합니다
=== [사회 일반]현재 페이지 : 205 PAGE ===NOW TIME : 2022-01-25 17:56:17.390046
---Crop Start
뉴스 리스트 출력 : 18
=== [경제 일반]84 second ===
48페이지로 이동합니다
=== [경제 일반]현재 페이지 : 48 PAGE ===NOW TIME : 2022-01-25 17:56:46.456837
---Crop Start
뉴스 리스트 출력 : 17
=== [사회 일반]94 second ===
204페이지로 이동합니다
=== [사회 일반]현재 페이지 : 204 PAGE ===NOW TIME : 2022-01-25 17:57:59.806971
---Crop Start
뉴스 리스트 출력 : 20
=== [경제 일반]87 second ===
47페이지로 이동합니다
=== [경제 일반]현재 페이지 : 47 PAGE ===NOW TIME : 2022-01-25 17:58:22.748595
---Crop Start
뉴스 리스트 출력 : 20
=== [사회 일반]99 second ===
203페이지로 이동합니다
=== [사회 일반]현재 페이지 : 203 PAGE ===NOW TIME : 2022-01-25 17:59:47.375322
---Crop Start
뉴스 리스트 출력 : 20
=== [경제 일반]102 second ===
46페이지로 이동합니다
=== [경제 일반]현재 페이지 : 46 PAGE ===NOW TIME : 2022-01-25 18:00:13.456783
---Crop Start
뉴스 리스트 출력 : 20
=== [사회 일반]106 second ===
202페이지로 이동합니다
=== [사회 일반]현재 페이지 : 202 PAGE ===NOW TIME : 2022-01-25 18:01:41.186566
---Crop Start
뉴스 리스트 출력 : 20
=== [경제 일반]105 second ===
45페이지로 이동합니다
=== [경제 일반]현재 페이지 : 45 PAGE ===NOW TIME : 2022-01-25 18:02:07.833001
---Crop Start
뉴스 리스트 출력 : 19
=== [사회 일반]103 second ===
201페이지로 이동합니다
=== [사회 일반]현재 페이지 : 201 PAGE ===NOW TIME : 2022-01-25 18:03:33.030218
---Crop Start
뉴스 리스트 출력 : 20
=== [경제 일반]94 second ===
44페이지로 이동합니다
=== [경제 일반]현재 페이지 : 44 PAGE ===NOW TIME : 2022-01-25 18:03:50.777651
---Crop Start
뉴스 리스트 출력 : 20
=== [사회 일반]99 second ===
##페이지 한단락을 이동합니다
=== [사회 일반]현재 페이지 : 200 PAGE ===NOW TIME : 2022-01-25 18:05:20.299583
---Crop Start
뉴스 리스트 출력 : 19
=== [경제 일반]98 second ===
43페이지로 이동합니다
=== [경제 일반]현재 페이지 : 43 PAGE ===NOW TIME : 2022-01-25 18:05:37.619183
---Crop Start
뉴스 리스트 출력 : 20
=== [사회 일반]93 second ===
199페이지로 이동합니다
=== [사회 일반]현재 페이지 : 199 PAGE ===NOW TIME : 2022-01-25 18:07:02.355206
---Crop Start
뉴스 리스트 출력 : 20
=== [경제 일반]97 second ===
42페이지로 이동합니다
=== [경제 일반]현재 페이지 : 42 PAGE ===NOW TIME : 2022-01-25 18:07:24.982137
---Crop Start
뉴스 리스트 출력 : 20
=== [사회 일반]102 second ===
198페이지로 이동합니다
=== [사회 일반]현재 페이지 : 198 PAGE ===NOW TIME : 2022-01-25 18:08:53.195205
---Crop Start
뉴스 리스트 출력 : 20
=== [경제 일반]101 second ===
41페이지로 이동합니다
=== [경제 일반]현재 페이지 : 41 PAGE ===NOW TIME : 2022-01-25 18:09:16.466478
---Crop Start
뉴스 리스트 출력 : 20
=== [사회 일반]100 second ===
197페이지로 이동합니다
=== [사회 일반]현재 페이지 : 197 PAGE ===NOW TIME : 2022-01-25 18:10:41.679236
---Crop Start
뉴스 리스트 출력 : 20
=== [경제 일반]99 second ===
##페이지 한단락을 이동합니다
=== [경제 일반]현재 페이지 : 40 PAGE ===NOW TIME : 2022-01-25 18:11:03.681825
---Crop Start
뉴스 리스트 출력 : 17
=== [사회 일반]100 second ===
196페이지로 이동합니다
=== [경제 일반]85 second ===
=== [사회 일반]현재 페이지 : 196 PAGE ===NOW TIME : 2022-01-25 18:12:30.582401
---Crop Start
뉴스 리스트 출력 : 20
39페이지로 이동합니다
=== [경제 일반]현재 페이지 : 39 PAGE ===NOW TIME : 2022-01-25 18:12:37.876463
---Crop Start
뉴스 리스트 출력 : 20
=== [사회 일반]100 second ===
195페이지로 이동합니다
=== [경제 일반]100 second ===
=== [사회 일반]현재 페이지 : 195 PAGE ===NOW TIME : 2022-01-25 18:14:19.016847
---Crop Start
뉴스 리스트 출력 : 19
38페이지로 이동합니다
=== [경제 일반]현재 페이지 : 38 PAGE ===NOW TIME : 2022-01-25 18:14:27.009139
---Crop Start
뉴스 리스트 출력 : 19
=== [사회 일반]101 second ===
194페이지로 이동합니다
=== [경제 일반]100 second ===
=== [사회 일반]현재 페이지 : 194 PAGE ===NOW TIME : 2022-01-25 18:16:09.012538
---Crop Start
뉴스 리스트 출력 : 20
37페이지로 이동합니다
=== [경제 일반]현재 페이지 : 37 PAGE ===NOW TIME : 2022-01-25 18:16:15.210996
---Crop Start
뉴스 리스트 출력 : 18
=== [경제 일반]89 second ===
36페이지로 이동합니다
=== [사회 일반]99 second ===
193페이지로 이동합니다
=== [경제 일반]현재 페이지 : 36 PAGE ===NOW TIME : 2022-01-25 18:17:53.673947
---Crop Start
뉴스 리스트 출력 : 19
=== [사회 일반]현재 페이지 : 193 PAGE ===NOW TIME : 2022-01-25 18:17:57.510593
---Crop Start
뉴스 리스트 출력 : 19
=== [경제 일반]94 second ===
35페이지로 이동합니다
=== [사회 일반]94 second ===
192페이지로 이동합니다
=== [경제 일반]현재 페이지 : 35 PAGE ===NOW TIME : 2022-01-25 18:19:36.991872
---Crop Start
뉴스 리스트 출력 : 17
=== [사회 일반]현재 페이지 : 192 PAGE ===NOW TIME : 2022-01-25 18:19:40.098326
---Crop Start
뉴스 리스트 출력 : 15
=== [사회 일반]76 second ===
191페이지로 이동합니다
=== [경제 일반]87 second ===
=== [사회 일반]현재 페이지 : 191 PAGE ===NOW TIME : 2022-01-25 18:21:04.630941
---Crop Start
뉴스 리스트 출력 : 18
34페이지로 이동합니다
=== [경제 일반]현재 페이지 : 34 PAGE ===NOW TIME : 2022-01-25 18:21:13.269217
---Crop Start
뉴스 리스트 출력 : 20
=== [사회 일반]91 second ===
##페이지 한단락을 이동합니다
=== [사회 일반]현재 페이지 : 190 PAGE ===NOW TIME : 2022-01-25 18:22:44.349928
---Crop Start
뉴스 리스트 출력 : 20
=== [경제 일반]101 second ===
33페이지로 이동합니다
=== [경제 일반]현재 페이지 : 33 PAGE ===NOW TIME : 2022-01-25 18:23:04.488056
---Crop Start
뉴스 리스트 출력 : 18
=== [사회 일반]101 second ===
189페이지로 이동합니다
=== [사회 일반]현재 페이지 : 189 PAGE ===NOW TIME : 2022-01-25 18:24:34.920711
---Crop Start
뉴스 리스트 출력 : 19
=== [경제 일반]93 second ===
32페이지로 이동합니다
=== [경제 일반]현재 페이지 : 32 PAGE ===NOW TIME : 2022-01-25 18:24:46.848834
---Crop Start
뉴스 리스트 출력 : 19
=== [사회 일반]94 second ===
188페이지로 이동합니다
=== [사회 일반]현재 페이지 : 188 PAGE ===NOW TIME : 2022-01-25 18:26:18.228604
---Crop Start
뉴스 리스트 출력 : 20
=== [경제 일반]96 second ===
31페이지로 이동합니다
=== [경제 일반]현재 페이지 : 31 PAGE ===NOW TIME : 2022-01-25 18:26:32.340762
---Crop Start
뉴스 리스트 출력 : 20
=== [사회 일반]99 second ===
187페이지로 이동합니다
=== [사회 일반]현재 페이지 : 187 PAGE ===NOW TIME : 2022-01-25 18:28:06.127135
---Crop Start
뉴스 리스트 출력 : 20
=== [경제 일반]98 second ===
##페이지 한단락을 이동합니다
=== [경제 일반]현재 페이지 : 30 PAGE ===NOW TIME : 2022-01-25 18:28:23.077387
---Crop Start
뉴스 리스트 출력 : 20
=== [사회 일반]103 second ===
186페이지로 이동합니다
=== [사회 일반]현재 페이지 : 186 PAGE ===NOW TIME : 2022-01-25 18:29:58.652144
---Crop Start
뉴스 리스트 출력 : 19
=== [경제 일반]102 second ===
29페이지로 이동합니다
=== [경제 일반]현재 페이지 : 29 PAGE ===NOW TIME : 2022-01-25 18:30:14.811218
---Crop Start
뉴스 리스트 출력 : 20
=== [사회 일반]99 second ===
185페이지로 이동합니다
=== [사회 일반]현재 페이지 : 185 PAGE ===NOW TIME : 2022-01-25 18:31:46.956455
---Crop Start
뉴스 리스트 출력 : 19
=== [경제 일반]101 second ===
28페이지로 이동합니다
=== [경제 일반]현재 페이지 : 28 PAGE ===NOW TIME : 2022-01-25 18:32:05.761895
---Crop Start
뉴스 리스트 출력 : 19
=== [사회 일반]94 second ===
184페이지로 이동합니다
=== [사회 일반]현재 페이지 : 184 PAGE ===NOW TIME : 2022-01-25 18:33:29.795717
---Crop Start
뉴스 리스트 출력 : 20
=== [경제 일반]94 second ===
27페이지로 이동합니다
=== [경제 일반]현재 페이지 : 27 PAGE ===NOW TIME : 2022-01-25 18:33:50.283427
---Crop Start
뉴스 리스트 출력 : 15
=== [경제 일반]75 second ===
26페이지로 이동합니다
=== [사회 일반]100 second ===
183페이지로 이동합니다
=== [경제 일반]현재 페이지 : 26 PAGE ===NOW TIME : 2022-01-25 18:35:14.453731
---Crop Start
뉴스 리스트 출력 : 20
=== [사회 일반]현재 페이지 : 183 PAGE ===NOW TIME : 2022-01-25 18:35:18.178236
---Crop Start
뉴스 리스트 출력 : 20
다른유형의 기사입니다. 해당 기사는 오류로 인해 건너뜁니다.
=== [경제 일반]100 second ===
25페이지로 이동합니다
=== [경제 일반]현재 페이지 : 25 PAGE ===NOW TIME : 2022-01-25 18:37:04.939626
---Crop Start
뉴스 리스트 출력 : 19
=== [사회 일반]108 second ===
182페이지로 이동합니다
=== [사회 일반]현재 페이지 : 182 PAGE ===NOW TIME : 2022-01-25 18:37:14.541410
---Crop Start
뉴스 리스트 출력 : 19
=== [경제 일반]96 second ===
24페이지로 이동합니다
=== [사회 일반]95 second ===
181페이지로 이동합니다
=== [경제 일반]현재 페이지 : 24 PAGE ===NOW TIME : 2022-01-25 18:38:52.719776
---Crop Start
뉴스 리스트 출력 : 20
=== [사회 일반]현재 페이지 : 181 PAGE ===NOW TIME : 2022-01-25 18:38:57.495338
---Crop Start
뉴스 리스트 출력 : 20
=== [경제 일반]102 second ===
=== [사회 일반]100 second ===
23페이지로 이동합니다
##페이지 한단락을 이동합니다
=== [경제 일반]현재 페이지 : 23 PAGE ===NOW TIME : 2022-01-25 18:40:46.360998
---Crop Start
뉴스 리스트 출력 : 20
=== [사회 일반]현재 페이지 : 180 PAGE ===NOW TIME : 2022-01-25 18:40:47.442437
---Crop Start
뉴스 리스트 출력 : 20
다른유형의 기사입니다. 해당 기사는 오류로 인해 건너뜁니다.
=== [경제 일반]98 second ===
22페이지로 이동합니다
=== [사회 일반]106 second ===
=== [경제 일반]현재 페이지 : 22 PAGE ===NOW TIME : 2022-01-25 18:42:33.767106
---Crop Start
뉴스 리스트 출력 : 17
179페이지로 이동합니다
=== [사회 일반]현재 페이지 : 179 PAGE ===NOW TIME : 2022-01-25 18:42:43.394991
---Crop Start
뉴스 리스트 출력 : 20
=== [경제 일반]85 second ===
21페이지로 이동합니다
=== [경제 일반]현재 페이지 : 21 PAGE ===NOW TIME : 2022-01-25 18:44:09.813274
---Crop Start
뉴스 리스트 출력 : 17
=== [사회 일반]103 second ===
178페이지로 이동합니다
=== [사회 일반]현재 페이지 : 178 PAGE ===NOW TIME : 2022-01-25 18:44:35.746430
---Crop Start
뉴스 리스트 출력 : 19
=== [경제 일반]90 second ===
##페이지 한단락을 이동합니다
=== [경제 일반]현재 페이지 : 20 PAGE ===NOW TIME : 2022-01-25 18:45:49.747605
---Crop Start
뉴스 리스트 출력 : 20
=== [사회 일반]99 second ===
177페이지로 이동합니다
=== [사회 일반]현재 페이지 : 177 PAGE ===NOW TIME : 2022-01-25 18:46:23.963734
---Crop Start
뉴스 리스트 출력 : 20
=== [경제 일반]102 second ===
19페이지로 이동합니다
=== [경제 일반]현재 페이지 : 19 PAGE ===NOW TIME : 2022-01-25 18:47:42.554837
---Crop Start
뉴스 리스트 출력 : 18
=== [사회 일반]100 second ===
176페이지로 이동합니다
=== [사회 일반]현재 페이지 : 176 PAGE ===NOW TIME : 2022-01-25 18:48:14.110727
---Crop Start
뉴스 리스트 출력 : 18
=== [경제 일반]90 second ===
18페이지로 이동합니다
=== [경제 일반]현재 페이지 : 18 PAGE ===NOW TIME : 2022-01-25 18:49:25.620753
---Crop Start
뉴스 리스트 출력 : 14
=== [사회 일반]95 second ===
175페이지로 이동합니다
=== [사회 일반]현재 페이지 : 175 PAGE ===NOW TIME : 2022-01-25 18:49:58.765477
---Crop Start
뉴스 리스트 출력 : 20
=== [경제 일반]70 second ===
17페이지로 이동합니다
=== [경제 일반]현재 페이지 : 17 PAGE ===NOW TIME : 2022-01-25 18:50:46.847227
---Crop Start
뉴스 리스트 출력 : 20
=== [사회 일반]99 second ===
174페이지로 이동합니다
=== [사회 일반]현재 페이지 : 174 PAGE ===NOW TIME : 2022-01-25 18:51:47.065703
---Crop Start
뉴스 리스트 출력 : 20
=== [경제 일반]98 second ===
16페이지로 이동합니다
=== [경제 일반]현재 페이지 : 16 PAGE ===NOW TIME : 2022-01-25 18:52:35.763276
---Crop Start
뉴스 리스트 출력 : 16
=== [사회 일반]100 second ===
173페이지로 이동합니다
=== [사회 일반]현재 페이지 : 173 PAGE ===NOW TIME : 2022-01-25 18:53:35.865048
---Crop Start
뉴스 리스트 출력 : 20
=== [경제 일반]80 second ===
15페이지로 이동합니다
=== [경제 일반]현재 페이지 : 15 PAGE ===NOW TIME : 2022-01-25 18:54:06.359865
---Crop Start
뉴스 리스트 출력 : 18
=== [사회 일반]102 second ===
172페이지로 이동합니다
=== [사회 일반]현재 페이지 : 172 PAGE ===NOW TIME : 2022-01-25 18:55:27.171869
---Crop Start
뉴스 리스트 출력 : 12
=== [경제 일반]92 second ===
14페이지로 이동합니다
=== [경제 일반]현재 페이지 : 14 PAGE ===NOW TIME : 2022-01-25 18:55:48.656668
---Crop Start
뉴스 리스트 출력 : 20
=== [사회 일반]59 second ===
171페이지로 이동합니다
=== [사회 일반]현재 페이지 : 171 PAGE ===NOW TIME : 2022-01-25 18:56:35.483612
---Crop Start
뉴스 리스트 출력 : 20
=== [경제 일반]101 second ===
13페이지로 이동합니다
=== [경제 일반]현재 페이지 : 13 PAGE ===NOW TIME : 2022-01-25 18:57:40.111085
---Crop Start
뉴스 리스트 출력 : 16
=== [사회 일반]106 second ===
##페이지 한단락을 이동합니다
=== [사회 일반]현재 페이지 : 170 PAGE ===NOW TIME : 2022-01-25 18:58:31.242511
---Crop Start
뉴스 리스트 출력 : 17
=== [경제 일반]88 second ===
12페이지로 이동합니다
=== [경제 일반]현재 페이지 : 12 PAGE ===NOW TIME : 2022-01-25 18:59:19.275000
---Crop Start
뉴스 리스트 출력 : 20
=== [사회 일반]98 second ===
169페이지로 이동합니다
=== [사회 일반]현재 페이지 : 169 PAGE ===NOW TIME : 2022-01-25 19:00:20.959578
---Crop Start
뉴스 리스트 출력 : 14
=== [경제 일반]113 second ===
11페이지로 이동합니다
=== [경제 일반]현재 페이지 : 11 PAGE ===NOW TIME : 2022-01-25 19:01:24.180073
---Crop Start
뉴스 리스트 출력 : 16
=== [사회 일반]74 second ===
168페이지로 이동합니다
=== [사회 일반]현재 페이지 : 168 PAGE ===NOW TIME : 2022-01-25 19:01:44.610584
---Crop Start
뉴스 리스트 출력 : 19
=== [경제 일반]81 second ===
##페이지 한단락을 이동합니다
=== [경제 일반]현재 페이지 : 10 PAGE ===NOW TIME : 2022-01-25 19:02:55.786771
---Crop Start
뉴스 리스트 출력 : 19
=== [사회 일반]96 second ===
167페이지로 이동합니다
=== [사회 일반]현재 페이지 : 167 PAGE ===NOW TIME : 2022-01-25 19:03:32.495872
---Crop Start
뉴스 리스트 출력 : 20
=== [경제 일반]99 second ===
9페이지로 이동합니다
=== [경제 일반]현재 페이지 : 9 PAGE ===NOW TIME : 2022-01-25 19:04:45.953881
---Crop Start
뉴스 리스트 출력 : 17
=== [사회 일반]101 second ===
166페이지로 이동합니다
=== [사회 일반]현재 페이지 : 166 PAGE ===NOW TIME : 2022-01-25 19:05:25.225688
---Crop Start
뉴스 리스트 출력 : 20
=== [경제 일반]95 second ===
8페이지로 이동합니다
=== [경제 일반]현재 페이지 : 8 PAGE ===NOW TIME : 2022-01-25 19:06:32.665846
---Crop Start
뉴스 리스트 출력 : 20
=== [사회 일반]107 second ===
165페이지로 이동합니다
=== [사회 일반]현재 페이지 : 165 PAGE ===NOW TIME : 2022-01-25 19:07:22.667942
---Crop Start
뉴스 리스트 출력 : 20
=== [경제 일반]112 second ===
7페이지로 이동합니다
=== [경제 일반]현재 페이지 : 7 PAGE ===NOW TIME : 2022-01-25 19:08:36.367454
---Crop Start
뉴스 리스트 출력 : 19
=== [사회 일반]106 second ===
164페이지로 이동합니다
=== [사회 일반]현재 페이지 : 164 PAGE ===NOW TIME : 2022-01-25 19:09:19.027580
---Crop Start
뉴스 리스트 출력 : 20
=== [경제 일반]105 second ===
6페이지로 이동합니다
=== [경제 일반]현재 페이지 : 6 PAGE ===NOW TIME : 2022-01-25 19:10:33.563876
---Crop Start
뉴스 리스트 출력 : 19
=== [사회 일반]110 second ===
163페이지로 이동합니다
=== [사회 일반]현재 페이지 : 163 PAGE ===NOW TIME : 2022-01-25 19:11:18.806741
---Crop Start
뉴스 리스트 출력 : 20
=== [경제 일반]103 second ===
5페이지로 이동합니다
=== [경제 일반]현재 페이지 : 5 PAGE ===NOW TIME : 2022-01-25 19:12:27.905904
---Crop Start
뉴스 리스트 출력 : 20
=== [사회 일반]111 second ===
162페이지로 이동합니다
=== [사회 일반]현재 페이지 : 162 PAGE ===NOW TIME : 2022-01-25 19:13:20.453138
---Crop Start
뉴스 리스트 출력 : 20
=== [경제 일반]111 second ===
4페이지로 이동합니다
=== [경제 일반]현재 페이지 : 4 PAGE ===NOW TIME : 2022-01-25 19:14:30.356999
---Crop Start
뉴스 리스트 출력 : 19
=== [사회 일반]111 second ===
161페이지로 이동합니다
=== [사회 일반]현재 페이지 : 161 PAGE ===NOW TIME : 2022-01-25 19:15:22.252744
---Crop Start
뉴스 리스트 출력 : 20
=== [경제 일반]113 second ===
3페이지로 이동합니다
=== [경제 일반]현재 페이지 : 3 PAGE ===NOW TIME : 2022-01-25 19:16:35.077151
---Crop Start
뉴스 리스트 출력 : 18
=== [사회 일반]111 second ===
##페이지 한단락을 이동합니다
=== [사회 일반]현재 페이지 : 160 PAGE ===NOW TIME : 2022-01-25 19:17:23.419718
---Crop Start
뉴스 리스트 출력 : 20
=== [경제 일반]92 second ===
2페이지로 이동합니다
=== [경제 일반]현재 페이지 : 2 PAGE ===NOW TIME : 2022-01-25 19:18:18.583534
---Crop Start
뉴스 리스트 출력 : 19
=== [사회 일반]103 second ===
159페이지로 이동합니다
=== [사회 일반]현재 페이지 : 159 PAGE ===NOW TIME : 2022-01-25 19:19:17.871888
---Crop Start
뉴스 리스트 출력 : 20
=== [경제 일반]97 second ===
1페이지로 이동합니다
=== [경제 일반]현재 페이지 : 1 PAGE ===NOW TIME : 2022-01-25 19:20:06.418189
---Crop Start
뉴스 리스트 출력 : 17
=== [사회 일반]102 second ===
158페이지로 이동합니다
=== [사회 일반]현재 페이지 : 158 PAGE ===NOW TIME : 2022-01-25 19:21:12.684988
---Crop Start
뉴스 리스트 출력 : 20
=== [경제 일반]93 second ===
마지막 페이지 입니다.
쓰레드3 종료
##Setting Display
##Crolling_Start
---chromedriver_auto install done
---Open Page
[정치] [정치일반] 메뉴를 탐색합니다.
1월25일(화)
현재 페이지 수 : 11
다음페이지로 이동합니다.
현재 페이지 수 : 12
다음페이지로 이동합니다.
현재 페이지 수 : 12
다음페이지로 이동합니다.
현재 페이지 수 : 12
다음페이지로 이동합니다.
현재 페이지 수 : 12
다음페이지로 이동합니다.
현재 페이지 수 : 12
다음페이지로 이동합니다.
현재 페이지 수 : 12
다음페이지로 이동합니다.
현재 페이지 수 : 12
다음페이지로 이동합니다.
=== [사회 일반]101 second ===
157페이지로 이동합니다
현재 페이지 수 : 12
다음페이지로 이동합니다.
=== [사회 일반]현재 페이지 : 157 PAGE ===NOW TIME : 2022-01-25 19:23:03.855786
---Crop Start
뉴스 리스트 출력 : 19
현재 페이지 수 : 12
다음페이지로 이동합니다.
현재 페이지 수 : 12
다음페이지로 이동합니다.
현재 페이지 수 : 12
다음페이지로 이동합니다.
현재 페이지 수 : 12
다음페이지로 이동합니다.
현재 페이지 수 : 12
다음페이지로 이동합니다.
현재 페이지 수 : 12
다음페이지로 이동합니다.
현재 페이지 수 : 12
다음페이지로 이동합니다.
현재 페이지 수 : 7
마지막 페이지 : 166
마지막 페이지입니다.
첫번째 페이지까지 자동 스크랩을 실행합니다.
=== [정치일반]현재 페이지 : 166 PAGE ===NOW TIME : 2022-01-25 19:23:49.858753
---Crop Start
뉴스 리스트 출력 : 5
=== [정치일반]29 second ===
165페이지로 이동합니다
=== [정치일반]현재 페이지 : 165 PAGE ===NOW TIME : 2022-01-25 19:24:24.940870
---Crop Start
뉴스 리스트 출력 : 14
=== [사회 일반]95 second ===
156페이지로 이동합니다
=== [사회 일반]현재 페이지 : 156 PAGE ===NOW TIME : 2022-01-25 19:24:48.756080
---Crop Start
뉴스 리스트 출력 : 19
=== [정치일반]71 second ===
164페이지로 이동합니다
=== [정치일반]현재 페이지 : 164 PAGE ===NOW TIME : 2022-01-25 19:25:42.583432
---Crop Start
뉴스 리스트 출력 : 15
=== [사회 일반]94 second ===
155페이지로 이동합니다
=== [사회 일반]현재 페이지 : 155 PAGE ===NOW TIME : 2022-01-25 19:26:32.291494
---Crop Start
뉴스 리스트 출력 : 19
=== [정치일반]77 second ===
163페이지로 이동합니다
=== [정치일반]현재 페이지 : 163 PAGE ===NOW TIME : 2022-01-25 19:27:05.863124
---Crop Start
뉴스 리스트 출력 : 20
=== [사회 일반]96 second ===
154페이지로 이동합니다
=== [사회 일반]현재 페이지 : 154 PAGE ===NOW TIME : 2022-01-25 19:28:18.318291
---Crop Start
뉴스 리스트 출력 : 20
=== [정치일반]103 second ===
162페이지로 이동합니다
=== [정치일반]현재 페이지 : 162 PAGE ===NOW TIME : 2022-01-25 19:28:54.782120
---Crop Start
뉴스 리스트 출력 : 14
=== [사회 일반]106 second ===
153페이지로 이동합니다
=== [정치일반]79 second ===
161페이지로 이동합니다
=== [사회 일반]현재 페이지 : 153 PAGE ===NOW TIME : 2022-01-25 19:30:15.887665
---Crop Start
뉴스 리스트 출력 : 19
=== [정치일반]현재 페이지 : 161 PAGE ===NOW TIME : 2022-01-25 19:30:19.142591
---Crop Start
뉴스 리스트 출력 : 18
=== [정치일반]92 second ===
##페이지 한단락을 이동합니다
=== [사회 일반]97 second ===
152페이지로 이동합니다
=== [정치일반]현재 페이지 : 160 PAGE ===NOW TIME : 2022-01-25 19:31:57.518019
---Crop Start
뉴스 리스트 출력 : 19
=== [사회 일반]현재 페이지 : 152 PAGE ===NOW TIME : 2022-01-25 19:32:03.042652
---Crop Start
뉴스 리스트 출력 : 20
=== [정치일반]108 second ===
159페이지로 이동합니다
=== [사회 일반]109 second ===
=== [정치일반]현재 페이지 : 159 PAGE ===NOW TIME : 2022-01-25 19:33:52.116079
---Crop Start
뉴스 리스트 출력 : 20
151페이지로 이동합니다
=== [사회 일반]현재 페이지 : 151 PAGE ===NOW TIME : 2022-01-25 19:34:03.686198
---Crop Start
뉴스 리스트 출력 : 20
=== [정치일반]105 second ===
158페이지로 이동합니다
=== [정치일반]현재 페이지 : 158 PAGE ===NOW TIME : 2022-01-25 19:35:44.375939
---Crop Start
뉴스 리스트 출력 : 20
=== [사회 일반]101 second ===
##페이지 한단락을 이동합니다
=== [사회 일반]현재 페이지 : 150 PAGE ===NOW TIME : 2022-01-25 19:35:55.187404
---Crop Start
뉴스 리스트 출력 : 19
=== [정치일반]108 second ===
157페이지로 이동합니다
=== [사회 일반]100 second ===
149페이지로 이동합니다
=== [정치일반]현재 페이지 : 157 PAGE ===NOW TIME : 2022-01-25 19:37:39.576512
---Crop Start
뉴스 리스트 출력 : 20
=== [사회 일반]현재 페이지 : 149 PAGE ===NOW TIME : 2022-01-25 19:37:44.504432
---Crop Start
뉴스 리스트 출력 : 19
=== [정치일반]101 second ===
156페이지로 이동합니다
=== [사회 일반]97 second ===
148페이지로 이동합니다
=== [정치일반]현재 페이지 : 156 PAGE ===NOW TIME : 2022-01-25 19:39:27.710985
---Crop Start
뉴스 리스트 출력 : 20
=== [사회 일반]현재 페이지 : 148 PAGE ===NOW TIME : 2022-01-25 19:39:32.055803
---Crop Start
뉴스 리스트 출력 : 19
=== [사회 일반]96 second ===
=== [정치일반]105 second ===
155페이지로 이동합니다
147페이지로 이동합니다
=== [정치일반]현재 페이지 : 155 PAGE ===NOW TIME : 2022-01-25 19:41:20.395643
---Crop Start
뉴스 리스트 출력 : 18
=== [사회 일반]현재 페이지 : 147 PAGE ===NOW TIME : 2022-01-25 19:41:21.192088
---Crop Start
뉴스 리스트 출력 : 18
=== [정치일반]92 second ===
154페이지로 이동합니다
=== [사회 일반]94 second ===
146페이지로 이동합니다
=== [정치일반]현재 페이지 : 154 PAGE ===NOW TIME : 2022-01-25 19:42:59.495210
---Crop Start
뉴스 리스트 출력 : 18
=== [사회 일반]현재 페이지 : 146 PAGE ===NOW TIME : 2022-01-25 19:43:04.378021
---Crop Start
뉴스 리스트 출력 : 20
=== [정치일반]93 second ===
153페이지로 이동합니다
=== [정치일반]현재 페이지 : 153 PAGE ===NOW TIME : 2022-01-25 19:44:38.596378
---Crop Start
뉴스 리스트 출력 : 20
=== [사회 일반]100 second ===
145페이지로 이동합니다
=== [사회 일반]현재 페이지 : 145 PAGE ===NOW TIME : 2022-01-25 19:44:54.901997
---Crop Start
뉴스 리스트 출력 : 20
=== [정치일반]107 second ===
152페이지로 이동합니다
=== [정치일반]현재 페이지 : 152 PAGE ===NOW TIME : 2022-01-25 19:46:31.841406
---Crop Start
뉴스 리스트 출력 : 19
=== [사회 일반]107 second ===
144페이지로 이동합니다
=== [사회 일반]현재 페이지 : 144 PAGE ===NOW TIME : 2022-01-25 19:46:53.343450
---Crop Start
뉴스 리스트 출력 : 20
=== [정치일반]97 second ===
151페이지로 이동합니다
=== [정치일반]현재 페이지 : 151 PAGE ===NOW TIME : 2022-01-25 19:48:15.798807
---Crop Start
뉴스 리스트 출력 : 20
=== [사회 일반]99 second ===
143페이지로 이동합니다
=== [사회 일반]현재 페이지 : 143 PAGE ===NOW TIME : 2022-01-25 19:48:42.893514
---Crop Start
뉴스 리스트 출력 : 20
=== [정치일반]102 second ===
##페이지 한단락을 이동합니다
=== [정치일반]현재 페이지 : 150 PAGE ===NOW TIME : 2022-01-25 19:50:05.035933
---Crop Start
뉴스 리스트 출력 : 19
=== [사회 일반]102 second ===
142페이지로 이동합니다
=== [사회 일반]현재 페이지 : 142 PAGE ===NOW TIME : 2022-01-25 19:50:35.266199
---Crop Start
뉴스 리스트 출력 : 20
=== [정치일반]99 second ===
149페이지로 이동합니다
=== [정치일반]현재 페이지 : 149 PAGE ===NOW TIME : 2022-01-25 19:51:51.415691
---Crop Start
뉴스 리스트 출력 : 19
=== [사회 일반]104 second ===
141페이지로 이동합니다
=== [사회 일반]현재 페이지 : 141 PAGE ===NOW TIME : 2022-01-25 19:52:29.359579
---Crop Start
뉴스 리스트 출력 : 20
=== [정치일반]107 second ===
148페이지로 이동합니다
=== [정치일반]현재 페이지 : 148 PAGE ===NOW TIME : 2022-01-25 19:53:47.235753
---Crop Start
뉴스 리스트 출력 : 20
=== [사회 일반]124 second ===
##페이지 한단락을 이동합니다
=== [사회 일반]현재 페이지 : 140 PAGE ===NOW TIME : 2022-01-25 19:54:47.232194
---Crop Start
뉴스 리스트 출력 : 18
=== [정치일반]138 second ===
147페이지로 이동합니다
=== [정치일반]현재 페이지 : 147 PAGE ===NOW TIME : 2022-01-25 19:56:13.510549
---Crop Start
뉴스 리스트 출력 : 20
=== [사회 일반]113 second ===
139페이지로 이동합니다
=== [사회 일반]현재 페이지 : 139 PAGE ===NOW TIME : 2022-01-25 19:56:52.002300
---Crop Start
뉴스 리스트 출력 : 20
=== [정치일반]105 second ===
146페이지로 이동합니다
=== [정치일반]현재 페이지 : 146 PAGE ===NOW TIME : 2022-01-25 19:58:05.444286
---Crop Start
뉴스 리스트 출력 : 19
=== [사회 일반]106 second ===
138페이지로 이동합니다
=== [사회 일반]현재 페이지 : 138 PAGE ===NOW TIME : 2022-01-25 19:58:49.564719
---Crop Start
뉴스 리스트 출력 : 20
=== [정치일반]97 second ===
145페이지로 이동합니다
=== [정치일반]현재 페이지 : 145 PAGE ===NOW TIME : 2022-01-25 19:59:50.711888
---Crop Start
뉴스 리스트 출력 : 19
=== [사회 일반]107 second ===
137페이지로 이동합니다
=== [사회 일반]현재 페이지 : 137 PAGE ===NOW TIME : 2022-01-25 20:00:47.769098
---Crop Start
뉴스 리스트 출력 : 20
=== [정치일반]99 second ===
144페이지로 이동합니다
=== [정치일반]현재 페이지 : 144 PAGE ===NOW TIME : 2022-01-25 20:01:37.247672
---Crop Start
뉴스 리스트 출력 : 19
=== [사회 일반]101 second ===
136페이지로 이동합니다
=== [사회 일반]현재 페이지 : 136 PAGE ===NOW TIME : 2022-01-25 20:02:41.402709
---Crop Start
뉴스 리스트 출력 : 19
=== [정치일반]95 second ===
143페이지로 이동합니다
=== [정치일반]현재 페이지 : 143 PAGE ===NOW TIME : 2022-01-25 20:03:18.978556
---Crop Start
뉴스 리스트 출력 : 20
=== [사회 일반]93 second ===
135페이지로 이동합니다
=== [사회 일반]현재 페이지 : 135 PAGE ===NOW TIME : 2022-01-25 20:04:25.700040
---Crop Start
뉴스 리스트 출력 : 20
=== [정치일반]98 second ===
142페이지로 이동합니다
=== [정치일반]현재 페이지 : 142 PAGE ===NOW TIME : 2022-01-25 20:05:05.596499
---Crop Start
뉴스 리스트 출력 : 20
=== [사회 일반]102 second ===
134페이지로 이동합니다
=== [사회 일반]현재 페이지 : 134 PAGE ===NOW TIME : 2022-01-25 20:06:19.104642
---Crop Start
뉴스 리스트 출력 : 20
=== [정치일반]106 second ===
141페이지로 이동합니다
=== [정치일반]현재 페이지 : 141 PAGE ===NOW TIME : 2022-01-25 20:06:58.010824
---Crop Start
뉴스 리스트 출력 : 18
=== [사회 일반]108 second ===
133페이지로 이동합니다
=== [사회 일반]현재 페이지 : 133 PAGE ===NOW TIME : 2022-01-25 20:08:20.388286
---Crop Start
뉴스 리스트 출력 : 20
=== [정치일반]94 second ===
##페이지 한단락을 이동합니다
=== [정치일반]현재 페이지 : 140 PAGE ===NOW TIME : 2022-01-25 20:08:39.372335
---Crop Start
뉴스 리스트 출력 : 20
=== [사회 일반]100 second ===
132페이지로 이동합니다
=== [사회 일반]현재 페이지 : 132 PAGE ===NOW TIME : 2022-01-25 20:10:12.074958
---Crop Start
뉴스 리스트 출력 : 20
=== [정치일반]104 second ===
139페이지로 이동합니다
=== [정치일반]현재 페이지 : 139 PAGE ===NOW TIME : 2022-01-25 20:10:31.383114
---Crop Start
뉴스 리스트 출력 : 20
=== [사회 일반]102 second ===
131페이지로 이동합니다
=== [사회 일반]현재 페이지 : 131 PAGE ===NOW TIME : 2022-01-25 20:12:04.975874
---Crop Start
뉴스 리스트 출력 : 20
=== [정치일반]100 second ===
138페이지로 이동합니다
=== [정치일반]현재 페이지 : 138 PAGE ===NOW TIME : 2022-01-25 20:12:19.363521
---Crop Start
뉴스 리스트 출력 : 20
=== [사회 일반]100 second ===
##페이지 한단락을 이동합니다
=== [사회 일반]현재 페이지 : 130 PAGE ===NOW TIME : 2022-01-25 20:13:55.764945
---Crop Start
뉴스 리스트 출력 : 20
=== [정치일반]102 second ===
137페이지로 이동합니다
=== [정치일반]현재 페이지 : 137 PAGE ===NOW TIME : 2022-01-25 20:14:09.327639
---Crop Start
뉴스 리스트 출력 : 20
=== [사회 일반]112 second ===
129페이지로 이동합니다
=== [사회 일반]현재 페이지 : 129 PAGE ===NOW TIME : 2022-01-25 20:15:59.303276
---Crop Start
뉴스 리스트 출력 : 17
=== [정치일반]110 second ===
136페이지로 이동합니다
=== [정치일반]현재 페이지 : 136 PAGE ===NOW TIME : 2022-01-25 20:16:07.775609
---Crop Start
뉴스 리스트 출력 : 19
=== [사회 일반]90 second ===
128페이지로 이동합니다
=== [사회 일반]현재 페이지 : 128 PAGE ===NOW TIME : 2022-01-25 20:17:41.001048
---Crop Start
뉴스 리스트 출력 : 20
=== [정치일반]100 second ===
135페이지로 이동합니다
=== [정치일반]현재 페이지 : 135 PAGE ===NOW TIME : 2022-01-25 20:17:55.964212
---Crop Start
뉴스 리스트 출력 : 20
=== [사회 일반]98 second ===
127페이지로 이동합니다
=== [사회 일반]현재 페이지 : 127 PAGE ===NOW TIME : 2022-01-25 20:19:30.386418
---Crop Start
뉴스 리스트 출력 : 20
=== [정치일반]101 second ===
134페이지로 이동합니다
=== [정치일반]현재 페이지 : 134 PAGE ===NOW TIME : 2022-01-25 20:19:44.759586
---Crop Start
뉴스 리스트 출력 : 20
=== [사회 일반]102 second ===
126페이지로 이동합니다
=== [사회 일반]현재 페이지 : 126 PAGE ===NOW TIME : 2022-01-25 20:21:24.556031
---Crop Start
뉴스 리스트 출력 : 20
=== [정치일반]101 second ===
133페이지로 이동합니다
=== [정치일반]현재 페이지 : 133 PAGE ===NOW TIME : 2022-01-25 20:21:34.042948
---Crop Start
뉴스 리스트 출력 : 20
=== [사회 일반]102 second ===
125페이지로 이동합니다
=== [정치일반]103 second ===
132페이지로 이동합니다
=== [사회 일반]현재 페이지 : 125 PAGE ===NOW TIME : 2022-01-25 20:23:19.258783
---Crop Start
뉴스 리스트 출력 : 20
=== [정치일반]현재 페이지 : 132 PAGE ===NOW TIME : 2022-01-25 20:23:23.290307
---Crop Start
뉴스 리스트 출력 : 20
=== [사회 일반]99 second ===
=== [정치일반]98 second ===
131페이지로 이동합니다
124페이지로 이동합니다
=== [정치일반]현재 페이지 : 131 PAGE ===NOW TIME : 2022-01-25 20:25:09.051864
---Crop Start
뉴스 리스트 출력 : 20
=== [사회 일반]현재 페이지 : 124 PAGE ===NOW TIME : 2022-01-25 20:25:10.298218
---Crop Start
뉴스 리스트 출력 : 20
=== [정치일반]96 second ===
##페이지 한단락을 이동합니다
=== [사회 일반]97 second ===
123페이지로 이동합니다
=== [정치일반]현재 페이지 : 130 PAGE ===NOW TIME : 2022-01-25 20:26:53.414990
---Crop Start
뉴스 리스트 출력 : 19
=== [사회 일반]현재 페이지 : 123 PAGE ===NOW TIME : 2022-01-25 20:26:58.739059
---Crop Start
뉴스 리스트 출력 : 20
=== [정치일반]94 second ===
129페이지로 이동합니다
=== [정치일반]현재 페이지 : 129 PAGE ===NOW TIME : 2022-01-25 20:28:35.009463
---Crop Start
뉴스 리스트 출력 : 19
=== [사회 일반]99 second ===
122페이지로 이동합니다
=== [사회 일반]현재 페이지 : 122 PAGE ===NOW TIME : 2022-01-25 20:28:48.545996
---Crop Start
뉴스 리스트 출력 : 19
=== [정치일반]98 second ===
128페이지로 이동합니다
=== [정치일반]현재 페이지 : 128 PAGE ===NOW TIME : 2022-01-25 20:30:21.565656
---Crop Start
뉴스 리스트 출력 : 19
=== [사회 일반]104 second ===
121페이지로 이동합니다
=== [사회 일반]현재 페이지 : 121 PAGE ===NOW TIME : 2022-01-25 20:30:44.644786
---Crop Start
뉴스 리스트 출력 : 19
=== [정치일반]95 second ===
127페이지로 이동합니다
=== [정치일반]현재 페이지 : 127 PAGE ===NOW TIME : 2022-01-25 20:32:04.162057
---Crop Start
뉴스 리스트 출력 : 20
=== [사회 일반]94 second ===
##페이지 한단락을 이동합니다
=== [사회 일반]현재 페이지 : 120 PAGE ===NOW TIME : 2022-01-25 20:32:29.943094
---Crop Start
뉴스 리스트 출력 : 19
=== [정치일반]101 second ===
126페이지로 이동합니다
=== [정치일반]현재 페이지 : 126 PAGE ===NOW TIME : 2022-01-25 20:33:53.138181
---Crop Start
뉴스 리스트 출력 : 20
=== [사회 일반]96 second ===
119페이지로 이동합니다
=== [사회 일반]현재 페이지 : 119 PAGE ===NOW TIME : 2022-01-25 20:34:17.841688
---Crop Start
뉴스 리스트 출력 : 20
=== [정치일반]102 second ===
125페이지로 이동합니다
=== [정치일반]현재 페이지 : 125 PAGE ===NOW TIME : 2022-01-25 20:35:42.925210
---Crop Start
뉴스 리스트 출력 : 20
=== [사회 일반]101 second ===
118페이지로 이동합니다
=== [사회 일반]현재 페이지 : 118 PAGE ===NOW TIME : 2022-01-25 20:36:10.382547
---Crop Start
뉴스 리스트 출력 : 20
=== [정치일반]100 second ===
124페이지로 이동합니다
=== [정치일반]현재 페이지 : 124 PAGE ===NOW TIME : 2022-01-25 20:37:31.698755
---Crop Start
뉴스 리스트 출력 : 20
=== [사회 일반]99 second ===
117페이지로 이동합니다
=== [사회 일반]현재 페이지 : 117 PAGE ===NOW TIME : 2022-01-25 20:38:01.634500
---Crop Start
뉴스 리스트 출력 : 20
=== [정치일반]99 second ===
123페이지로 이동합니다
=== [정치일반]현재 페이지 : 123 PAGE ===NOW TIME : 2022-01-25 20:39:18.398702
---Crop Start
뉴스 리스트 출력 : 19
=== [사회 일반]100 second ===
116페이지로 이동합니다
=== [사회 일반]현재 페이지 : 116 PAGE ===NOW TIME : 2022-01-25 20:39:53.018155
---Crop Start
뉴스 리스트 출력 : 19
=== [정치일반]96 second ===
122페이지로 이동합니다
=== [정치일반]현재 페이지 : 122 PAGE ===NOW TIME : 2022-01-25 20:41:02.146846
---Crop Start
뉴스 리스트 출력 : 20
=== [사회 일반]100 second ===
115페이지로 이동합니다
=== [사회 일반]현재 페이지 : 115 PAGE ===NOW TIME : 2022-01-25 20:41:45.892763
---Crop Start
뉴스 리스트 출력 : 20
=== [정치일반]98 second ===
121페이지로 이동합니다
=== [정치일반]현재 페이지 : 121 PAGE ===NOW TIME : 2022-01-25 20:42:49.186806
---Crop Start
뉴스 리스트 출력 : 19
=== [사회 일반]97 second ===
114페이지로 이동합니다
=== [사회 일반]현재 페이지 : 114 PAGE ===NOW TIME : 2022-01-25 20:43:33.970448
---Crop Start
뉴스 리스트 출력 : 20
=== [정치일반]95 second ===
##페이지 한단락을 이동합니다
=== [정치일반]현재 페이지 : 120 PAGE ===NOW TIME : 2022-01-25 20:44:30.965641
---Crop Start
뉴스 리스트 출력 : 20
=== [사회 일반]105 second ===
113페이지로 이동합니다
=== [사회 일반]현재 페이지 : 113 PAGE ===NOW TIME : 2022-01-25 20:45:30.744055
---Crop Start
뉴스 리스트 출력 : 20
=== [정치일반]104 second ===
119페이지로 이동합니다
=== [정치일반]현재 페이지 : 119 PAGE ===NOW TIME : 2022-01-25 20:46:24.357467
---Crop Start
뉴스 리스트 출력 : 20
=== [사회 일반]104 second ===
112페이지로 이동합니다
=== [사회 일반]현재 페이지 : 112 PAGE ===NOW TIME : 2022-01-25 20:47:27.082862
---Crop Start
뉴스 리스트 출력 : 19
=== [정치일반]105 second ===
118페이지로 이동합니다
=== [정치일반]현재 페이지 : 118 PAGE ===NOW TIME : 2022-01-25 20:48:17.512581
---Crop Start
뉴스 리스트 출력 : 20
=== [사회 일반]95 second ===
111페이지로 이동합니다
=== [사회 일반]현재 페이지 : 111 PAGE ===NOW TIME : 2022-01-25 20:49:14.658230
---Crop Start
뉴스 리스트 출력 : 20
=== [정치일반]102 second ===
117페이지로 이동합니다
=== [정치일반]현재 페이지 : 117 PAGE ===NOW TIME : 2022-01-25 20:50:08.324116
---Crop Start
뉴스 리스트 출력 : 20
=== [사회 일반]99 second ===
##페이지 한단락을 이동합니다
=== [사회 일반]현재 페이지 : 110 PAGE ===NOW TIME : 2022-01-25 20:51:05.034090
---Crop Start
뉴스 리스트 출력 : 19
=== [정치일반]101 second ===
116페이지로 이동합니다
=== [정치일반]현재 페이지 : 116 PAGE ===NOW TIME : 2022-01-25 20:51:57.165585
---Crop Start
뉴스 리스트 출력 : 20
=== [사회 일반]96 second ===
109페이지로 이동합니다
=== [사회 일반]현재 페이지 : 109 PAGE ===NOW TIME : 2022-01-25 20:52:53.111142
---Crop Start
뉴스 리스트 출력 : 19
=== [정치일반]102 second ===
115페이지로 이동합니다
=== [정치일반]현재 페이지 : 115 PAGE ===NOW TIME : 2022-01-25 20:53:47.752112
---Crop Start
뉴스 리스트 출력 : 20
=== [사회 일반]95 second ===
108페이지로 이동합니다
=== [사회 일반]현재 페이지 : 108 PAGE ===NOW TIME : 2022-01-25 20:54:40.713718
---Crop Start
뉴스 리스트 출력 : 20
=== [정치일반]101 second ===
114페이지로 이동합니다
=== [정치일반]현재 페이지 : 114 PAGE ===NOW TIME : 2022-01-25 20:55:36.695863
---Crop Start
뉴스 리스트 출력 : 20
=== [사회 일반]99 second ===
107페이지로 이동합니다
=== [사회 일반]현재 페이지 : 107 PAGE ===NOW TIME : 2022-01-25 20:56:32.996821
---Crop Start
뉴스 리스트 출력 : 20
=== [정치일반]103 second ===
113페이지로 이동합니다
=== [정치일반]현재 페이지 : 113 PAGE ===NOW TIME : 2022-01-25 20:57:27.584851
---Crop Start
뉴스 리스트 출력 : 20
=== [사회 일반]103 second ===
106페이지로 이동합니다
=== [사회 일반]현재 페이지 : 106 PAGE ===NOW TIME : 2022-01-25 20:58:27.814180
---Crop Start
뉴스 리스트 출력 : 20
=== [정치일반]102 second ===
112페이지로 이동합니다
=== [정치일반]현재 페이지 : 112 PAGE ===NOW TIME : 2022-01-25 20:59:18.264504
---Crop Start
뉴스 리스트 출력 : 16
=== [사회 일반]111 second ===
105페이지로 이동합니다
=== [사회 일반]현재 페이지 : 105 PAGE ===NOW TIME : 2022-01-25 21:00:30.323399
---Crop Start
뉴스 리스트 출력 : 20
=== [정치일반]86 second ===
111페이지로 이동합니다
=== [정치일반]현재 페이지 : 111 PAGE ===NOW TIME : 2022-01-25 21:00:52.828682
---Crop Start
뉴스 리스트 출력 : 19
=== [사회 일반]103 second ===
104페이지로 이동합니다
=== [사회 일반]현재 페이지 : 104 PAGE ===NOW TIME : 2022-01-25 21:02:25.287803
---Crop Start
뉴스 리스트 출력 : 20
=== [정치일반]97 second ===
##페이지 한단락을 이동합니다
=== [정치일반]현재 페이지 : 110 PAGE ===NOW TIME : 2022-01-25 21:02:38.791609
---Crop Start
뉴스 리스트 출력 : 19
=== [사회 일반]101 second ===
103페이지로 이동합니다
=== [정치일반]95 second ===
109페이지로 이동합니다
=== [사회 일반]현재 페이지 : 103 PAGE ===NOW TIME : 2022-01-25 21:04:18.403911
---Crop Start
뉴스 리스트 출력 : 18
=== [정치일반]현재 페이지 : 109 PAGE ===NOW TIME : 2022-01-25 21:04:21.909465
---Crop Start
뉴스 리스트 출력 : 20
=== [사회 일반]91 second ===
102페이지로 이동합니다
=== [정치일반]100 second ===
=== [사회 일반]현재 페이지 : 102 PAGE ===NOW TIME : 2022-01-25 21:06:02.401351
---Crop Start
뉴스 리스트 출력 : 20
108페이지로 이동합니다
=== [정치일반]현재 페이지 : 108 PAGE ===NOW TIME : 2022-01-25 21:06:09.918646
---Crop Start
뉴스 리스트 출력 : 19
=== [사회 일반]100 second ===
=== [정치일반]94 second ===
107페이지로 이동합니다
101페이지로 이동합니다
=== [정치일반]현재 페이지 : 107 PAGE ===NOW TIME : 2022-01-25 21:07:54.463175
---Crop Start
뉴스 리스트 출력 : 20
=== [사회 일반]현재 페이지 : 101 PAGE ===NOW TIME : 2022-01-25 21:07:55.319269
---Crop Start
뉴스 리스트 출력 : 20
=== [정치일반]102 second ===
106페이지로 이동합니다
=== [사회 일반]104 second ===
##페이지 한단락을 이동합니다
=== [정치일반]현재 페이지 : 106 PAGE ===NOW TIME : 2022-01-25 21:09:45.871222
---Crop Start
뉴스 리스트 출력 : 20
=== [사회 일반]현재 페이지 : 100 PAGE ===NOW TIME : 2022-01-25 21:09:51.111830
---Crop Start
뉴스 리스트 출력 : 20
=== [정치일반]98 second ===
105페이지로 이동합니다
=== [사회 일반]100 second ===
=== [정치일반]현재 페이지 : 105 PAGE ===NOW TIME : 2022-01-25 21:11:32.469040
---Crop Start
뉴스 리스트 출력 : 20
99페이지로 이동합니다
=== [사회 일반]현재 페이지 : 99 PAGE ===NOW TIME : 2022-01-25 21:11:42.897769
---Crop Start
뉴스 리스트 출력 : 20
=== [정치일반]102 second ===
104페이지로 이동합니다
=== [정치일반]현재 페이지 : 104 PAGE ===NOW TIME : 2022-01-25 21:13:22.917340
---Crop Start
뉴스 리스트 출력 : 19
=== [사회 일반]105 second ===
98페이지로 이동합니다
=== [사회 일반]현재 페이지 : 98 PAGE ===NOW TIME : 2022-01-25 21:13:40.508752
---Crop Start
뉴스 리스트 출력 : 20
=== [정치일반]101 second ===
103페이지로 이동합니다
=== [정치일반]현재 페이지 : 103 PAGE ===NOW TIME : 2022-01-25 21:15:14.101870
---Crop Start
뉴스 리스트 출력 : 20
=== [사회 일반]105 second ===
97페이지로 이동합니다
=== [사회 일반]현재 페이지 : 97 PAGE ===NOW TIME : 2022-01-25 21:15:39.023867
---Crop Start
뉴스 리스트 출력 : 20
=== [정치일반]104 second ===
102페이지로 이동합니다
=== [정치일반]현재 페이지 : 102 PAGE ===NOW TIME : 2022-01-25 21:17:08.366589
---Crop Start
뉴스 리스트 출력 : 20
=== [사회 일반]102 second ===
96페이지로 이동합니다
=== [사회 일반]현재 페이지 : 96 PAGE ===NOW TIME : 2022-01-25 21:17:33.378596
---Crop Start
뉴스 리스트 출력 : 19
=== [정치일반]99 second ===
101페이지로 이동합니다
=== [정치일반]현재 페이지 : 101 PAGE ===NOW TIME : 2022-01-25 21:18:56.139223
---Crop Start
뉴스 리스트 출력 : 20
=== [사회 일반]97 second ===
95페이지로 이동합니다
=== [사회 일반]현재 페이지 : 95 PAGE ===NOW TIME : 2022-01-25 21:19:22.117042
---Crop Start
뉴스 리스트 출력 : 20
=== [정치일반]105 second ===
##페이지 한단락을 이동합니다
=== [정치일반]현재 페이지 : 100 PAGE ===NOW TIME : 2022-01-25 21:20:51.571661
---Crop Start
뉴스 리스트 출력 : 20
=== [사회 일반]106 second ===
94페이지로 이동합니다
=== [사회 일반]현재 페이지 : 94 PAGE ===NOW TIME : 2022-01-25 21:21:20.998596
---Crop Start
뉴스 리스트 출력 : 20
=== [정치일반]101 second ===
99페이지로 이동합니다
=== [정치일반]현재 페이지 : 99 PAGE ===NOW TIME : 2022-01-25 21:22:41.326166
---Crop Start
뉴스 리스트 출력 : 19
=== [사회 일반]101 second ===
93페이지로 이동합니다
=== [사회 일반]현재 페이지 : 93 PAGE ===NOW TIME : 2022-01-25 21:23:13.635769
---Crop Start
뉴스 리스트 출력 : 19
=== [정치일반]97 second ===
98페이지로 이동합니다
=== [정치일반]현재 페이지 : 98 PAGE ===NOW TIME : 2022-01-25 21:24:27.199795
---Crop Start
뉴스 리스트 출력 : 19
=== [사회 일반]96 second ===
92페이지로 이동합니다
=== [사회 일반]현재 페이지 : 92 PAGE ===NOW TIME : 2022-01-25 21:25:01.829607
---Crop Start
뉴스 리스트 출력 : 20
=== [정치일반]95 second ===
97페이지로 이동합니다
=== [정치일반]현재 페이지 : 97 PAGE ===NOW TIME : 2022-01-25 21:26:12.222104
---Crop Start
뉴스 리스트 출력 : 20
=== [사회 일반]100 second ===
91페이지로 이동합니다
=== [사회 일반]현재 페이지 : 91 PAGE ===NOW TIME : 2022-01-25 21:26:53.869131
---Crop Start
뉴스 리스트 출력 : 20
=== [정치일반]103 second ===
96페이지로 이동합니다
=== [정치일반]현재 페이지 : 96 PAGE ===NOW TIME : 2022-01-25 21:28:03.953054
---Crop Start
뉴스 리스트 출력 : 20
=== [사회 일반]102 second ===
##페이지 한단락을 이동합니다
=== [사회 일반]현재 페이지 : 90 PAGE ===NOW TIME : 2022-01-25 21:28:49.763681
---Crop Start
뉴스 리스트 출력 : 19
=== [정치일반]102 second ===
95페이지로 이동합니다
=== [정치일반]현재 페이지 : 95 PAGE ===NOW TIME : 2022-01-25 21:29:56.314536
---Crop Start
뉴스 리스트 출력 : 20
=== [사회 일반]102 second ===
89페이지로 이동합니다
=== [사회 일반]현재 페이지 : 89 PAGE ===NOW TIME : 2022-01-25 21:30:44.411514
---Crop Start
뉴스 리스트 출력 : 20
=== [정치일반]108 second ===
94페이지로 이동합니다
=== [정치일반]현재 페이지 : 94 PAGE ===NOW TIME : 2022-01-25 21:31:53.099865
---Crop Start
뉴스 리스트 출력 : 20
=== [사회 일반]103 second ===
88페이지로 이동합니다
=== [사회 일반]현재 페이지 : 88 PAGE ===NOW TIME : 2022-01-25 21:32:39.510188
---Crop Start
뉴스 리스트 출력 : 19
=== [정치일반]101 second ===
93페이지로 이동합니다
=== [정치일반]현재 페이지 : 93 PAGE ===NOW TIME : 2022-01-25 21:33:43.045305
---Crop Start
뉴스 리스트 출력 : 20
=== [사회 일반]97 second ===
87페이지로 이동합니다
=== [사회 일반]현재 페이지 : 87 PAGE ===NOW TIME : 2022-01-25 21:34:29.468054
---Crop Start
뉴스 리스트 출력 : 20
=== [정치일반]99 second ===
92페이지로 이동합니다
=== [정치일반]현재 페이지 : 92 PAGE ===NOW TIME : 2022-01-25 21:35:31.015841
---Crop Start
뉴스 리스트 출력 : 19
=== [사회 일반]102 second ===
86페이지로 이동합니다
=== [사회 일반]현재 페이지 : 86 PAGE ===NOW TIME : 2022-01-25 21:36:23.835132
---Crop Start
뉴스 리스트 출력 : 19
=== [정치일반]118 second ===
91페이지로 이동합니다
=== [정치일반]현재 페이지 : 91 PAGE ===NOW TIME : 2022-01-25 21:37:37.984243
---Crop Start
뉴스 리스트 출력 : 20
=== [사회 일반]117 second ===
85페이지로 이동합니다
=== [사회 일반]현재 페이지 : 85 PAGE ===NOW TIME : 2022-01-25 21:38:33.125595
---Crop Start
뉴스 리스트 출력 : 19
=== [정치일반]106 second ===
##페이지 한단락을 이동합니다
=== [정치일반]현재 페이지 : 90 PAGE ===NOW TIME : 2022-01-25 21:39:33.616445
---Crop Start
뉴스 리스트 출력 : 20
=== [사회 일반]102 second ===
84페이지로 이동합니다
=== [사회 일반]현재 페이지 : 84 PAGE ===NOW TIME : 2022-01-25 21:40:28.974405
---Crop Start
뉴스 리스트 출력 : 20
=== [정치일반]105 second ===
89페이지로 이동합니다
=== [정치일반]현재 페이지 : 89 PAGE ===NOW TIME : 2022-01-25 21:41:28.703865
---Crop Start
뉴스 리스트 출력 : 20
=== [사회 일반]112 second ===
83페이지로 이동합니다
=== [사회 일반]현재 페이지 : 83 PAGE ===NOW TIME : 2022-01-25 21:42:34.758188
---Crop Start
뉴스 리스트 출력 : 19
=== [정치일반]111 second ===
88페이지로 이동합니다
=== [정치일반]현재 페이지 : 88 PAGE ===NOW TIME : 2022-01-25 21:43:28.836546
---Crop Start
뉴스 리스트 출력 : 20
=== [사회 일반]101 second ===
82페이지로 이동합니다
=== [사회 일반]현재 페이지 : 82 PAGE ===NOW TIME : 2022-01-25 21:44:29.006906
---Crop Start
뉴스 리스트 출력 : 19
=== [정치일반]112 second ===
87페이지로 이동합니다
=== [정치일반]현재 페이지 : 87 PAGE ===NOW TIME : 2022-01-25 21:45:30.592866
---Crop Start
뉴스 리스트 출력 : 20
=== [사회 일반]99 second ===
81페이지로 이동합니다
=== [사회 일반]현재 페이지 : 81 PAGE ===NOW TIME : 2022-01-25 21:46:21.774729
---Crop Start
뉴스 리스트 출력 : 19
=== [정치일반]101 second ===
86페이지로 이동합니다
=== [정치일반]현재 페이지 : 86 PAGE ===NOW TIME : 2022-01-25 21:47:20.982452
---Crop Start
뉴스 리스트 출력 : 20
=== [사회 일반]98 second ===
##페이지 한단락을 이동합니다
=== [사회 일반]현재 페이지 : 80 PAGE ===NOW TIME : 2022-01-25 21:48:12.139325
---Crop Start
뉴스 리스트 출력 : 18
=== [정치일반]102 second ===
85페이지로 이동합니다
=== [정치일반]현재 페이지 : 85 PAGE ===NOW TIME : 2022-01-25 21:49:12.815328
---Crop Start
뉴스 리스트 출력 : 20
=== [사회 일반]94 second ===
79페이지로 이동합니다
=== [사회 일반]현재 페이지 : 79 PAGE ===NOW TIME : 2022-01-25 21:50:00.406875
---Crop Start
뉴스 리스트 출력 : 20
=== [정치일반]102 second ===
84페이지로 이동합니다
=== [정치일반]현재 페이지 : 84 PAGE ===NOW TIME : 2022-01-25 21:51:05.958796
---Crop Start
뉴스 리스트 출력 : 19
=== [사회 일반]100 second ===
78페이지로 이동합니다
=== [사회 일반]현재 페이지 : 78 PAGE ===NOW TIME : 2022-01-25 21:51:53.060301
---Crop Start
뉴스 리스트 출력 : 20
=== [정치일반]97 second ===
83페이지로 이동합니다
=== [정치일반]현재 페이지 : 83 PAGE ===NOW TIME : 2022-01-25 21:52:53.354986
---Crop Start
뉴스 리스트 출력 : 20
=== [사회 일반]104 second ===
77페이지로 이동합니다
=== [사회 일반]현재 페이지 : 77 PAGE ===NOW TIME : 2022-01-25 21:53:50.941468
---Crop Start
뉴스 리스트 출력 : 18
=== [정치일반]102 second ===
82페이지로 이동합니다
=== [정치일반]현재 페이지 : 82 PAGE ===NOW TIME : 2022-01-25 21:54:44.833731
---Crop Start
뉴스 리스트 출력 : 20
=== [사회 일반]94 second ===
76페이지로 이동합니다
=== [사회 일반]현재 페이지 : 76 PAGE ===NOW TIME : 2022-01-25 21:55:38.115286
---Crop Start
뉴스 리스트 출력 : 19
=== [정치일반]103 second ===
81페이지로 이동합니다
=== [정치일반]현재 페이지 : 81 PAGE ===NOW TIME : 2022-01-25 21:56:36.796957
---Crop Start
뉴스 리스트 출력 : 20
=== [사회 일반]94 second ===
75페이지로 이동합니다
=== [사회 일반]현재 페이지 : 75 PAGE ===NOW TIME : 2022-01-25 21:57:26.675162
---Crop Start
뉴스 리스트 출력 : 19
=== [정치일반]98 second ===
##페이지 한단락을 이동합니다
=== [정치일반]현재 페이지 : 80 PAGE ===NOW TIME : 2022-01-25 21:58:24.704227
---Crop Start
뉴스 리스트 출력 : 20
=== [사회 일반]95 second ===
74페이지로 이동합니다
=== [사회 일반]현재 페이지 : 74 PAGE ===NOW TIME : 2022-01-25 21:59:14.997777
---Crop Start
뉴스 리스트 출력 : 20
=== [정치일반]108 second ===
79페이지로 이동합니다
=== [정치일반]현재 페이지 : 79 PAGE ===NOW TIME : 2022-01-25 22:00:22.967662
---Crop Start
뉴스 리스트 출력 : 20
=== [사회 일반]111 second ===
73페이지로 이동합니다
=== [사회 일반]현재 페이지 : 73 PAGE ===NOW TIME : 2022-01-25 22:01:20.267069
---Crop Start
뉴스 리스트 출력 : 20
=== [정치일반]101 second ===
78페이지로 이동합니다
=== [정치일반]현재 페이지 : 78 PAGE ===NOW TIME : 2022-01-25 22:02:15.090589
---Crop Start
뉴스 리스트 출력 : 19
=== [사회 일반]101 second ===
72페이지로 이동합니다
=== [사회 일반]현재 페이지 : 72 PAGE ===NOW TIME : 2022-01-25 22:03:14.430243
---Crop Start
뉴스 리스트 출력 : 19
=== [정치일반]94 second ===
77페이지로 이동합니다
=== [정치일반]현재 페이지 : 77 PAGE ===NOW TIME : 2022-01-25 22:03:59.247018
---Crop Start
뉴스 리스트 출력 : 20
=== [사회 일반]96 second ===
71페이지로 이동합니다
=== [사회 일반]현재 페이지 : 71 PAGE ===NOW TIME : 2022-01-25 22:05:03.105349
---Crop Start
뉴스 리스트 출력 : 20
=== [정치일반]97 second ===
76페이지로 이동합니다
=== [정치일반]현재 페이지 : 76 PAGE ===NOW TIME : 2022-01-25 22:05:46.775857
---Crop Start
뉴스 리스트 출력 : 20
=== [사회 일반]100 second ===
##페이지 한단락을 이동합니다
=== [사회 일반]현재 페이지 : 70 PAGE ===NOW TIME : 2022-01-25 22:06:56.361252
---Crop Start
뉴스 리스트 출력 : 20
=== [정치일반]104 second ===
75페이지로 이동합니다
=== [정치일반]현재 페이지 : 75 PAGE ===NOW TIME : 2022-01-25 22:07:40.704273
---Crop Start
뉴스 리스트 출력 : 20
다른유형의 기사입니다. 해당 기사는 오류로 인해 건너뜁니다.
=== [사회 일반]106 second ===
69페이지로 이동합니다
=== [사회 일반]현재 페이지 : 69 PAGE ===NOW TIME : 2022-01-25 22:08:55.299915
---Crop Start
뉴스 리스트 출력 : 20
=== [정치일반]110 second ===
74페이지로 이동합니다
=== [정치일반]현재 페이지 : 74 PAGE ===NOW TIME : 2022-01-25 22:09:41.468145
---Crop Start
뉴스 리스트 출력 : 18
=== [사회 일반]103 second ===
68페이지로 이동합니다
=== [사회 일반]현재 페이지 : 68 PAGE ===NOW TIME : 2022-01-25 22:10:52.640000
---Crop Start
뉴스 리스트 출력 : 19
=== [정치일반]91 second ===
73페이지로 이동합니다
=== [정치일반]현재 페이지 : 73 PAGE ===NOW TIME : 2022-01-25 22:11:22.321608
---Crop Start
뉴스 리스트 출력 : 20
=== [사회 일반]97 second ===
67페이지로 이동합니다
=== [사회 일반]현재 페이지 : 67 PAGE ===NOW TIME : 2022-01-25 22:12:44.557197
---Crop Start
뉴스 리스트 출력 : 20
=== [정치일반]103 second ===
72페이지로 이동합니다
=== [정치일반]현재 페이지 : 72 PAGE ===NOW TIME : 2022-01-25 22:13:16.768086
---Crop Start
뉴스 리스트 출력 : 20
=== [사회 일반]106 second ===
66페이지로 이동합니다
=== [사회 일반]현재 페이지 : 66 PAGE ===NOW TIME : 2022-01-25 22:14:43.359396
---Crop Start
뉴스 리스트 출력 : 20
=== [정치일반]102 second ===
71페이지로 이동합니다
=== [정치일반]현재 페이지 : 71 PAGE ===NOW TIME : 2022-01-25 22:15:10.657815
---Crop Start
뉴스 리스트 출력 : 20
=== [사회 일반]104 second ===
65페이지로 이동합니다
=== [사회 일반]현재 페이지 : 65 PAGE ===NOW TIME : 2022-01-25 22:16:41.541954
---Crop Start
뉴스 리스트 출력 : 20
=== [정치일반]101 second ===
##페이지 한단락을 이동합니다
=== [정치일반]현재 페이지 : 70 PAGE ===NOW TIME : 2022-01-25 22:17:02.578838
---Crop Start
뉴스 리스트 출력 : 19
=== [사회 일반]102 second ===
64페이지로 이동합니다
=== [정치일반]94 second ===
=== [사회 일반]현재 페이지 : 64 PAGE ===NOW TIME : 2022-01-25 22:18:37.957187
---Crop Start
뉴스 리스트 출력 : 19
69페이지로 이동합니다
=== [정치일반]현재 페이지 : 69 PAGE ===NOW TIME : 2022-01-25 22:18:46.942632
---Crop Start
뉴스 리스트 출력 : 20
=== [사회 일반]96 second ===
63페이지로 이동합니다
=== [정치일반]100 second ===
=== [사회 일반]현재 페이지 : 63 PAGE ===NOW TIME : 2022-01-25 22:20:27.261159
---Crop Start
뉴스 리스트 출력 : 19
68페이지로 이동합니다
=== [정치일반]현재 페이지 : 68 PAGE ===NOW TIME : 2022-01-25 22:20:36.770001
---Crop Start
뉴스 리스트 출력 : 20
=== [사회 일반]97 second ===
62페이지로 이동합니다
=== [정치일반]101 second ===
=== [사회 일반]현재 페이지 : 62 PAGE ===NOW TIME : 2022-01-25 22:22:17.576966
---Crop Start
뉴스 리스트 출력 : 19
67페이지로 이동합니다
=== [정치일반]현재 페이지 : 67 PAGE ===NOW TIME : 2022-01-25 22:22:28.490686
---Crop Start
뉴스 리스트 출력 : 20
=== [사회 일반]98 second ===
61페이지로 이동합니다
=== [정치일반]101 second ===
=== [사회 일반]현재 페이지 : 61 PAGE ===NOW TIME : 2022-01-25 22:24:10.350798
---Crop Start
뉴스 리스트 출력 : 20
66페이지로 이동합니다
=== [정치일반]현재 페이지 : 66 PAGE ===NOW TIME : 2022-01-25 22:24:18.885256
---Crop Start
뉴스 리스트 출력 : 20
=== [사회 일반]107 second ===
=== [정치일반]104 second ===
##페이지 한단락을 이동합니다
65페이지로 이동합니다
=== [사회 일반]현재 페이지 : 60 PAGE ===NOW TIME : 2022-01-25 22:26:13.431051
---Crop Start
뉴스 리스트 출력 : 20
=== [정치일반]현재 페이지 : 65 PAGE ===NOW TIME : 2022-01-25 22:26:14.534621
---Crop Start
뉴스 리스트 출력 : 19
=== [정치일반]100 second ===
=== [사회 일반]104 second ===
64페이지로 이동합니다
59페이지로 이동합니다
=== [정치일반]현재 페이지 : 64 PAGE ===NOW TIME : 2022-01-25 22:28:08.782898
---Crop Start
뉴스 리스트 출력 : 19
=== [사회 일반]현재 페이지 : 59 PAGE ===NOW TIME : 2022-01-25 22:28:12.180539
---Crop Start
뉴스 리스트 출력 : 15
=== [사회 일반]77 second ===
58페이지로 이동합니다
=== [사회 일반]현재 페이지 : 58 PAGE ===NOW TIME : 2022-01-25 22:29:42.791454
---Crop Start
뉴스 리스트 출력 : 18
=== [정치일반]96 second ===
63페이지로 이동합니다
=== [정치일반]현재 페이지 : 63 PAGE ===NOW TIME : 2022-01-25 22:29:56.371747
---Crop Start
뉴스 리스트 출력 : 20
=== [사회 일반]97 second ===
57페이지로 이동합니다
=== [사회 일반]현재 페이지 : 57 PAGE ===NOW TIME : 2022-01-25 22:31:34.110905
---Crop Start
뉴스 리스트 출력 : 20
=== [정치일반]106 second ===
62페이지로 이동합니다
=== [정치일반]현재 페이지 : 62 PAGE ===NOW TIME : 2022-01-25 22:31:54.490335
---Crop Start
뉴스 리스트 출력 : 20
=== [사회 일반]106 second ===
56페이지로 이동합니다
=== [사회 일반]현재 페이지 : 56 PAGE ===NOW TIME : 2022-01-25 22:33:35.172768
---Crop Start
뉴스 리스트 출력 : 13
=== [정치일반]103 second ===
61페이지로 이동합니다
=== [정치일반]현재 페이지 : 61 PAGE ===NOW TIME : 2022-01-25 22:33:51.419977
---Crop Start
뉴스 리스트 출력 : 20
=== [사회 일반]75 second ===
55페이지로 이동합니다
=== [사회 일반]현재 페이지 : 55 PAGE ===NOW TIME : 2022-01-25 22:35:04.860270
---Crop Start
뉴스 리스트 출력 : 18
=== [정치일반]104 second ===
##페이지 한단락을 이동합니다
=== [정치일반]현재 페이지 : 60 PAGE ===NOW TIME : 2022-01-25 22:35:46.299222
---Crop Start
뉴스 리스트 출력 : 20
=== [사회 일반]99 second ===
54페이지로 이동합니다
=== [사회 일반]현재 페이지 : 54 PAGE ===NOW TIME : 2022-01-25 22:36:59.457270
---Crop Start
뉴스 리스트 출력 : 18
=== [정치일반]107 second ===
59페이지로 이동합니다
=== [정치일반]현재 페이지 : 59 PAGE ===NOW TIME : 2022-01-25 22:37:45.401224
---Crop Start
뉴스 리스트 출력 : 20
=== [사회 일반]92 second ===
53페이지로 이동합니다
=== [사회 일반]현재 페이지 : 53 PAGE ===NOW TIME : 2022-01-25 22:38:46.572244
---Crop Start
뉴스 리스트 출력 : 17
=== [정치일반]104 second ===
58페이지로 이동합니다
=== [정치일반]현재 페이지 : 58 PAGE ===NOW TIME : 2022-01-25 22:39:39.115178
---Crop Start
뉴스 리스트 출력 : 20
=== [사회 일반]89 second ===
52페이지로 이동합니다
=== [사회 일반]현재 페이지 : 52 PAGE ===NOW TIME : 2022-01-25 22:40:30.010070
---Crop Start
뉴스 리스트 출력 : 19
다른유형의 기사입니다. 해당 기사는 오류로 인해 건너뜁니다.
=== [정치일반]109 second ===
57페이지로 이동합니다
=== [정치일반]현재 페이지 : 57 PAGE ===NOW TIME : 2022-01-25 22:41:39.602019
---Crop Start
뉴스 리스트 출력 : 20
=== [사회 일반]102 second ===
51페이지로 이동합니다
=== [사회 일반]현재 페이지 : 51 PAGE ===NOW TIME : 2022-01-25 22:42:25.341761
---Crop Start
뉴스 리스트 출력 : 19
=== [정치일반]109 second ===
56페이지로 이동합니다
=== [정치일반]현재 페이지 : 56 PAGE ===NOW TIME : 2022-01-25 22:43:40.390530
---Crop Start
뉴스 리스트 출력 : 20
=== [사회 일반]102 second ===
##페이지 한단락을 이동합니다
=== [사회 일반]현재 페이지 : 50 PAGE ===NOW TIME : 2022-01-25 22:44:20.960238
---Crop Start
뉴스 리스트 출력 : 19
=== [정치일반]104 second ===
55페이지로 이동합니다
=== [정치일반]현재 페이지 : 55 PAGE ===NOW TIME : 2022-01-25 22:45:39.238728
---Crop Start
뉴스 리스트 출력 : 19
=== [사회 일반]106 second ===
49페이지로 이동합니다
=== [사회 일반]현재 페이지 : 49 PAGE ===NOW TIME : 2022-01-25 22:46:22.449573
---Crop Start
뉴스 리스트 출력 : 20
=== [정치일반]97 second ===
54페이지로 이동합니다
=== [정치일반]현재 페이지 : 54 PAGE ===NOW TIME : 2022-01-25 22:47:28.980000
---Crop Start
뉴스 리스트 출력 : 20
=== [사회 일반]105 second ===
48페이지로 이동합니다
=== [사회 일반]현재 페이지 : 48 PAGE ===NOW TIME : 2022-01-25 22:48:22.063623
---Crop Start
뉴스 리스트 출력 : 20
=== [정치일반]102 second ===
53페이지로 이동합니다
=== [정치일반]현재 페이지 : 53 PAGE ===NOW TIME : 2022-01-25 22:49:21.907663
---Crop Start
뉴스 리스트 출력 : 20
=== [사회 일반]102 second ===
47페이지로 이동합니다
=== [사회 일반]현재 페이지 : 47 PAGE ===NOW TIME : 2022-01-25 22:50:18.124336
---Crop Start
뉴스 리스트 출력 : 15
=== [정치일반]110 second ===
52페이지로 이동합니다
=== [정치일반]현재 페이지 : 52 PAGE ===NOW TIME : 2022-01-25 22:51:24.082444
---Crop Start
뉴스 리스트 출력 : 20
=== [사회 일반]88 second ===
46페이지로 이동합니다
=== [사회 일반]현재 페이지 : 46 PAGE ===NOW TIME : 2022-01-25 22:51:59.890255
---Crop Start
뉴스 리스트 출력 : 19
=== [정치일반]101 second ===
51페이지로 이동합니다
=== [정치일반]현재 페이지 : 51 PAGE ===NOW TIME : 2022-01-25 22:53:16.569208
---Crop Start
뉴스 리스트 출력 : 19
=== [사회 일반]98 second ===
45페이지로 이동합니다
=== [사회 일반]현재 페이지 : 45 PAGE ===NOW TIME : 2022-01-25 22:53:52.698772
---Crop Start
뉴스 리스트 출력 : 14
다른유형의 기사입니다. 해당 기사는 오류로 인해 건너뜁니다.
=== [정치일반]102 second ===
=== [사회 일반]72 second ===
##페이지 한단락을 이동합니다
44페이지로 이동합니다
=== [정치일반]현재 페이지 : 50 PAGE ===NOW TIME : 2022-01-25 22:55:17.394599
---Crop Start
뉴스 리스트 출력 : 20
=== [사회 일반]현재 페이지 : 44 PAGE ===NOW TIME : 2022-01-25 22:55:20.033515
---Crop Start
뉴스 리스트 출력 : 18
=== [사회 일반]92 second ===
=== [정치일반]103 second ===
43페이지로 이동합니다
49페이지로 이동합니다
=== [사회 일반]현재 페이지 : 43 PAGE ===NOW TIME : 2022-01-25 22:57:07.066886
---Crop Start
뉴스 리스트 출력 : 18
=== [정치일반]현재 페이지 : 49 PAGE ===NOW TIME : 2022-01-25 22:57:11.310628
---Crop Start
뉴스 리스트 출력 : 20
=== [사회 일반]94 second ===
42페이지로 이동합니다
=== [정치일반]103 second ===
=== [사회 일반]현재 페이지 : 42 PAGE ===NOW TIME : 2022-01-25 22:58:55.558558
---Crop Start
뉴스 리스트 출력 : 19
48페이지로 이동합니다
=== [정치일반]현재 페이지 : 48 PAGE ===NOW TIME : 2022-01-25 22:59:05.147657
---Crop Start
뉴스 리스트 출력 : 20
=== [사회 일반]102 second ===
41페이지로 이동합니다
=== [정치일반]106 second ===
=== [사회 일반]현재 페이지 : 41 PAGE ===NOW TIME : 2022-01-25 23:00:51.520817
---Crop Start
뉴스 리스트 출력 : 20
47페이지로 이동합니다
=== [정치일반]현재 페이지 : 47 PAGE ===NOW TIME : 2022-01-25 23:01:01.635667
---Crop Start
뉴스 리스트 출력 : 20
다른유형의 기사입니다. 해당 기사는 오류로 인해 건너뜁니다.
다른유형의 기사입니다. 해당 기사는 오류로 인해 건너뜁니다.
다른유형의 기사입니다. 해당 기사는 오류로 인해 건너뜁니다.
=== [사회 일반]100 second ===
##페이지 한단락을 이동합니다
=== [사회 일반]현재 페이지 : 40 PAGE ===NOW TIME : 2022-01-25 23:02:47.222460
---Crop Start
뉴스 리스트 출력 : 20
=== [정치일반]123 second ===
46페이지로 이동합니다
=== [정치일반]현재 페이지 : 46 PAGE ===NOW TIME : 2022-01-25 23:03:16.214392
---Crop Start
뉴스 리스트 출력 : 20
다른유형의 기사입니다. 해당 기사는 오류로 인해 건너뜁니다.
=== [사회 일반]110 second ===
다른유형의 기사입니다. 해당 기사는 오류로 인해 건너뜁니다.
39페이지로 이동합니다
=== [사회 일반]현재 페이지 : 39 PAGE ===NOW TIME : 2022-01-25 23:04:51.197094
---Crop Start
뉴스 리스트 출력 : 20
다른유형의 기사입니다. 해당 기사는 오류로 인해 건너뜁니다.
다른유형의 기사입니다. 해당 기사는 오류로 인해 건너뜁니다.
다른유형의 기사입니다. 해당 기사는 오류로 인해 건너뜁니다.
다른유형의 기사입니다. 해당 기사는 오류로 인해 건너뜁니다.
=== [정치일반]137 second ===
45페이지로 이동합니다
=== [정치일반]현재 페이지 : 45 PAGE ===NOW TIME : 2022-01-25 23:05:43.810163
---Crop Start
뉴스 리스트 출력 : 18
=== [사회 일반]102 second ===
38페이지로 이동합니다
=== [사회 일반]현재 페이지 : 38 PAGE ===NOW TIME : 2022-01-25 23:06:47.737374
---Crop Start
뉴스 리스트 출력 : 19
=== [정치일반]94 second ===
44페이지로 이동합니다
=== [정치일반]현재 페이지 : 44 PAGE ===NOW TIME : 2022-01-25 23:07:30.560621
---Crop Start
뉴스 리스트 출력 : 19
=== [사회 일반]99 second ===
37페이지로 이동합니다
=== [사회 일반]현재 페이지 : 37 PAGE ===NOW TIME : 2022-01-25 23:08:42.844102
---Crop Start
뉴스 리스트 출력 : 19
=== [정치일반]99 second ===
43페이지로 이동합니다
=== [정치일반]현재 페이지 : 43 PAGE ===NOW TIME : 2022-01-25 23:09:20.457662
---Crop Start
뉴스 리스트 출력 : 20
=== [사회 일반]99 second ===
36페이지로 이동합니다
=== [사회 일반]현재 페이지 : 36 PAGE ===NOW TIME : 2022-01-25 23:10:36.506786
---Crop Start
뉴스 리스트 출력 : 16
=== [정치일반]100 second ===
42페이지로 이동합니다
=== [정치일반]현재 페이지 : 42 PAGE ===NOW TIME : 2022-01-25 23:11:11.763980
---Crop Start
뉴스 리스트 출력 : 20
=== [사회 일반]82 second ===
35페이지로 이동합니다
=== [사회 일반]현재 페이지 : 35 PAGE ===NOW TIME : 2022-01-25 23:12:13.800503
---Crop Start
뉴스 리스트 출력 : 20
=== [정치일반]99 second ===
41페이지로 이동합니다
=== [정치일반]현재 페이지 : 41 PAGE ===NOW TIME : 2022-01-25 23:13:02.979348
---Crop Start
뉴스 리스트 출력 : 20
=== [사회 일반]101 second ===
34페이지로 이동합니다
=== [사회 일반]현재 페이지 : 34 PAGE ===NOW TIME : 2022-01-25 23:14:09.325516
---Crop Start
뉴스 리스트 출력 : 19
=== [정치일반]102 second ===
##페이지 한단락을 이동합니다
=== [정치일반]현재 페이지 : 40 PAGE ===NOW TIME : 2022-01-25 23:14:58.723101
---Crop Start
뉴스 리스트 출력 : 20
=== [사회 일반]104 second ===
33페이지로 이동합니다
=== [사회 일반]현재 페이지 : 33 PAGE ===NOW TIME : 2022-01-25 23:16:08.843191
---Crop Start
뉴스 리스트 출력 : 20
=== [정치일반]105 second ===
39페이지로 이동합니다
=== [정치일반]현재 페이지 : 39 PAGE ===NOW TIME : 2022-01-25 23:16:56.320396
---Crop Start
뉴스 리스트 출력 : 20
다른유형의 기사입니다. 해당 기사는 오류로 인해 건너뜁니다.
=== [사회 일반]110 second ===
32페이지로 이동합니다
=== [사회 일반]현재 페이지 : 32 PAGE ===NOW TIME : 2022-01-25 23:18:15.092839
---Crop Start
뉴스 리스트 출력 : 20
=== [정치일반]113 second ===
38페이지로 이동합니다
=== [정치일반]현재 페이지 : 38 PAGE ===NOW TIME : 2022-01-25 23:19:02.140793
---Crop Start
뉴스 리스트 출력 : 19
=== [사회 일반]109 second ===
31페이지로 이동합니다
=== [사회 일반]현재 페이지 : 31 PAGE ===NOW TIME : 2022-01-25 23:20:20.273424
---Crop Start
뉴스 리스트 출력 : 20
=== [정치일반]103 second ===
37페이지로 이동합니다
=== [정치일반]현재 페이지 : 37 PAGE ===NOW TIME : 2022-01-25 23:20:57.597069
---Crop Start
뉴스 리스트 출력 : 19
=== [사회 일반]106 second ===
##페이지 한단락을 이동합니다
=== [사회 일반]현재 페이지 : 30 PAGE ===NOW TIME : 2022-01-25 23:22:23.228605
---Crop Start
뉴스 리스트 출력 : 20
=== [정치일반]98 second ===
36페이지로 이동합니다
=== [정치일반]현재 페이지 : 36 PAGE ===NOW TIME : 2022-01-25 23:22:48.497828
---Crop Start
뉴스 리스트 출력 : 19
=== [사회 일반]106 second ===
29페이지로 이동합니다
=== [사회 일반]현재 페이지 : 29 PAGE ===NOW TIME : 2022-01-25 23:24:24.116355
---Crop Start
뉴스 리스트 출력 : 20
=== [정치일반]100 second ===
35페이지로 이동합니다
=== [정치일반]현재 페이지 : 35 PAGE ===NOW TIME : 2022-01-25 23:24:39.482904
---Crop Start
뉴스 리스트 출력 : 19
=== [사회 일반]110 second ===
=== [정치일반]102 second ===
28페이지로 이동합니다
34페이지로 이동합니다
=== [사회 일반]현재 페이지 : 28 PAGE ===NOW TIME : 2022-01-25 23:26:31.867668
---Crop Start
뉴스 리스트 출력 : 19
=== [정치일반]현재 페이지 : 34 PAGE ===NOW TIME : 2022-01-25 23:26:33.896586
---Crop Start
뉴스 리스트 출력 : 20
=== [사회 일반]103 second ===
=== [정치일반]108 second ===
27페이지로 이동합니다
33페이지로 이동합니다
=== [사회 일반]현재 페이지 : 27 PAGE ===NOW TIME : 2022-01-25 23:28:32.431532
---Crop Start
뉴스 리스트 출력 : 19
=== [정치일반]현재 페이지 : 33 PAGE ===NOW TIME : 2022-01-25 23:28:33.738879
---Crop Start
뉴스 리스트 출력 : 20
=== [사회 일반]110 second ===
=== [정치일반]109 second ===
32페이지로 이동합니다
26페이지로 이동합니다
=== [정치일반]현재 페이지 : 32 PAGE ===NOW TIME : 2022-01-25 23:30:37.995594
---Crop Start
뉴스 리스트 출력 : 20
=== [사회 일반]현재 페이지 : 26 PAGE ===NOW TIME : 2022-01-25 23:30:39.556990
---Crop Start
뉴스 리스트 출력 : 20
=== [정치일반]114 second ===
=== [사회 일반]119 second ===
31페이지로 이동합니다
=== [정치일반]현재 페이지 : 31 PAGE ===NOW TIME : 2022-01-25 23:32:44.958629
---Crop Start
뉴스 리스트 출력 : 19
25페이지로 이동합니다
=== [사회 일반]현재 페이지 : 25 PAGE ===NOW TIME : 2022-01-25 23:32:54.249779
---Crop Start
뉴스 리스트 출력 : 20
=== [정치일반]104 second ===
##페이지 한단락을 이동합니다
=== [정치일반]현재 페이지 : 30 PAGE ===NOW TIME : 2022-01-25 23:34:41.168495
---Crop Start
뉴스 리스트 출력 : 18
=== [사회 일반]109 second ===
24페이지로 이동합니다
=== [사회 일반]현재 페이지 : 24 PAGE ===NOW TIME : 2022-01-25 23:34:57.973112
---Crop Start
뉴스 리스트 출력 : 17
=== [정치일반]94 second ===
29페이지로 이동합니다
=== [정치일반]현재 페이지 : 29 PAGE ===NOW TIME : 2022-01-25 23:36:27.170097
---Crop Start
뉴스 리스트 출력 : 19
=== [사회 일반]95 second ===
23페이지로 이동합니다
=== [사회 일반]현재 페이지 : 23 PAGE ===NOW TIME : 2022-01-25 23:36:49.605487
---Crop Start
뉴스 리스트 출력 : 19
=== [정치일반]98 second ===
28페이지로 이동합니다
=== [정치일반]현재 페이지 : 28 PAGE ===NOW TIME : 2022-01-25 23:38:18.881677
---Crop Start
뉴스 리스트 출력 : 19
=== [사회 일반]102 second ===
22페이지로 이동합니다
=== [사회 일반]현재 페이지 : 22 PAGE ===NOW TIME : 2022-01-25 23:38:47.629029
---Crop Start
뉴스 리스트 출력 : 20
다른유형의 기사입니다. 해당 기사는 오류로 인해 건너뜁니다.
=== [정치일반]109 second ===
27페이지로 이동합니다
=== [정치일반]현재 페이지 : 27 PAGE ===NOW TIME : 2022-01-25 23:40:21.796688
---Crop Start
뉴스 리스트 출력 : 20
=== [사회 일반]113 second ===
21페이지로 이동합니다
=== [사회 일반]현재 페이지 : 21 PAGE ===NOW TIME : 2022-01-25 23:40:57.656364
---Crop Start
뉴스 리스트 출력 : 19
=== [정치일반]110 second ===
26페이지로 이동합니다
=== [정치일반]현재 페이지 : 26 PAGE ===NOW TIME : 2022-01-25 23:42:24.823990
---Crop Start
뉴스 리스트 출력 : 20
=== [사회 일반]109 second ===
##페이지 한단락을 이동합니다
=== [사회 일반]현재 페이지 : 20 PAGE ===NOW TIME : 2022-01-25 23:43:03.470996
---Crop Start
뉴스 리스트 출력 : 20
=== [정치일반]105 second ===
25페이지로 이동합니다
=== [정치일반]현재 페이지 : 25 PAGE ===NOW TIME : 2022-01-25 23:44:22.932019
---Crop Start
뉴스 리스트 출력 : 19
=== [사회 일반]108 second ===
19페이지로 이동합니다
=== [사회 일반]현재 페이지 : 19 PAGE ===NOW TIME : 2022-01-25 23:45:11.660584
---Crop Start
뉴스 리스트 출력 : 20
=== [정치일반]100 second ===
24페이지로 이동합니다
=== [정치일반]현재 페이지 : 24 PAGE ===NOW TIME : 2022-01-25 23:46:16.915260
---Crop Start
뉴스 리스트 출력 : 20
=== [사회 일반]105 second ===
18페이지로 이동합니다
=== [사회 일반]현재 페이지 : 18 PAGE ===NOW TIME : 2022-01-25 23:47:12.247837
---Crop Start
뉴스 리스트 출력 : 20
=== [정치일반]100 second ===
23페이지로 이동합니다
=== [정치일반]현재 페이지 : 23 PAGE ===NOW TIME : 2022-01-25 23:48:08.892761
---Crop Start
뉴스 리스트 출력 : 19
=== [사회 일반]105 second ===
17페이지로 이동합니다
=== [사회 일반]현재 페이지 : 17 PAGE ===NOW TIME : 2022-01-25 23:49:13.742654
---Crop Start
뉴스 리스트 출력 : 20
=== [정치일반]100 second ===
22페이지로 이동합니다
=== [정치일반]현재 페이지 : 22 PAGE ===NOW TIME : 2022-01-25 23:50:02.913717
---Crop Start
뉴스 리스트 출력 : 19
=== [사회 일반]108 second ===
16페이지로 이동합니다
=== [사회 일반]현재 페이지 : 16 PAGE ===NOW TIME : 2022-01-25 23:51:17.854969
---Crop Start
뉴스 리스트 출력 : 20
=== [정치일반]97 second ===
21페이지로 이동합니다
=== [정치일반]현재 페이지 : 21 PAGE ===NOW TIME : 2022-01-25 23:51:52.399809
---Crop Start
뉴스 리스트 출력 : 20
=== [사회 일반]106 second ===
15페이지로 이동합니다
=== [사회 일반]현재 페이지 : 15 PAGE ===NOW TIME : 2022-01-25 23:53:19.861794
---Crop Start
뉴스 리스트 출력 : 20
=== [정치일반]105 second ===
##페이지 한단락을 이동합니다
=== [정치일반]현재 페이지 : 20 PAGE ===NOW TIME : 2022-01-25 23:53:50.348905
---Crop Start
뉴스 리스트 출력 : 20
=== [사회 일반]103 second ===
14페이지로 이동합니다
=== [사회 일반]현재 페이지 : 14 PAGE ===NOW TIME : 2022-01-25 23:55:20.484170
---Crop Start
뉴스 리스트 출력 : 20
=== [정치일반]102 second ===
19페이지로 이동합니다
=== [정치일반]현재 페이지 : 19 PAGE ===NOW TIME : 2022-01-25 23:55:45.535814
---Crop Start
뉴스 리스트 출력 : 20
=== [사회 일반]112 second ===
13페이지로 이동합니다
=== [사회 일반]현재 페이지 : 13 PAGE ===NOW TIME : 2022-01-25 23:57:29.878157
---Crop Start
뉴스 리스트 출력 : 20
=== [정치일반]109 second ===
18페이지로 이동합니다
=== [정치일반]현재 페이지 : 18 PAGE ===NOW TIME : 2022-01-25 23:57:48.122649
---Crop Start
뉴스 리스트 출력 : 20
=== [사회 일반]116 second ===
12페이지로 이동합니다
=== [정치일반]111 second ===
=== [사회 일반]현재 페이지 : 12 PAGE ===NOW TIME : 2022-01-25 23:59:43.144088
---Crop Start
뉴스 리스트 출력 : 20
17페이지로 이동합니다
=== [정치일반]현재 페이지 : 17 PAGE ===NOW TIME : 2022-01-25 23:59:51.111633
---Crop Start
뉴스 리스트 출력 : 20
=== [사회 일반]118 second ===
=== [정치일반]117 second ===
11페이지로 이동합니다
16페이지로 이동합니다
=== [사회 일반]현재 페이지 : 11 PAGE ===NOW TIME : 2022-01-26 00:02:00.036790
---Crop Start
뉴스 리스트 출력 : 18
=== [정치일반]현재 페이지 : 16 PAGE ===NOW TIME : 2022-01-26 00:02:01.140006
---Crop Start
뉴스 리스트 출력 : 19
=== [사회 일반]106 second ===
=== [정치일반]107 second ===
15페이지로 이동합니다
##페이지 한단락을 이동합니다
=== [정치일반]현재 페이지 : 15 PAGE ===NOW TIME : 2022-01-26 00:04:03.428564
---Crop Start
뉴스 리스트 출력 : 20
=== [사회 일반]현재 페이지 : 10 PAGE ===NOW TIME : 2022-01-26 00:04:04.612767
---Crop Start
뉴스 리스트 출력 : 20
=== [정치일반]113 second ===
=== [사회 일반]116 second ===
14페이지로 이동합니다
9페이지로 이동합니다
=== [정치일반]현재 페이지 : 14 PAGE ===NOW TIME : 2022-01-26 00:06:14.187807
---Crop Start
뉴스 리스트 출력 : 20
=== [사회 일반]현재 페이지 : 9 PAGE ===NOW TIME : 2022-01-26 00:06:16.430371
---Crop Start
뉴스 리스트 출력 : 19
=== [정치일반]122 second ===
=== [사회 일반]120 second ===
13페이지로 이동합니다
8페이지로 이동합니다
=== [정치일반]현재 페이지 : 13 PAGE ===NOW TIME : 2022-01-26 00:08:33.361945
---Crop Start
뉴스 리스트 출력 : 19
=== [사회 일반]현재 페이지 : 8 PAGE ===NOW TIME : 2022-01-26 00:08:35.793678
---Crop Start
뉴스 리스트 출력 : 19
=== [정치일반]112 second ===
12페이지로 이동합니다
=== [사회 일반]118 second ===
=== [정치일반]현재 페이지 : 12 PAGE ===NOW TIME : 2022-01-26 00:10:38.887319
---Crop Start
뉴스 리스트 출력 : 20
7페이지로 이동합니다
=== [사회 일반]현재 페이지 : 7 PAGE ===NOW TIME : 2022-01-26 00:10:50.453492
---Crop Start
뉴스 리스트 출력 : 20
=== [정치일반]124 second ===
11페이지로 이동합니다
=== [정치일반]현재 페이지 : 11 PAGE ===NOW TIME : 2022-01-26 00:12:57.473001
---Crop Start
뉴스 리스트 출력 : 20
=== [사회 일반]128 second ===
6페이지로 이동합니다
=== [사회 일반]현재 페이지 : 6 PAGE ===NOW TIME : 2022-01-26 00:13:14.875702
---Crop Start
뉴스 리스트 출력 : 20
=== [정치일반]111 second ===
##페이지 한단락을 이동합니다
=== [정치일반]현재 페이지 : 10 PAGE ===NOW TIME : 2022-01-26 00:15:04.115955
---Crop Start
뉴스 리스트 출력 : 20
=== [사회 일반]118 second ===
5페이지로 이동합니다
=== [사회 일반]현재 페이지 : 5 PAGE ===NOW TIME : 2022-01-26 00:15:29.139054
---Crop Start
뉴스 리스트 출력 : 20
=== [정치일반]119 second ===
9페이지로 이동합니다
=== [정치일반]현재 페이지 : 9 PAGE ===NOW TIME : 2022-01-26 00:17:17.899211
---Crop Start
뉴스 리스트 출력 : 20
=== [사회 일반]115 second ===
4페이지로 이동합니다
=== [사회 일반]현재 페이지 : 4 PAGE ===NOW TIME : 2022-01-26 00:17:39.873455
---Crop Start
뉴스 리스트 출력 : 20
다른유형의 기사입니다. 해당 기사는 오류로 인해 건너뜁니다.
=== [정치일반]118 second ===
8페이지로 이동합니다
=== [정치일반]현재 페이지 : 8 PAGE ===NOW TIME : 2022-01-26 00:19:28.977688
---Crop Start
뉴스 리스트 출력 : 20
=== [사회 일반]114 second ===
3페이지로 이동합니다
=== [사회 일반]현재 페이지 : 3 PAGE ===NOW TIME : 2022-01-26 00:19:50.874527
---Crop Start
뉴스 리스트 출력 : 16
다른유형의 기사입니다. 해당 기사는 오류로 인해 건너뜁니다.
=== [사회 일반]89 second ===
=== [정치일반]120 second ===
2페이지로 이동합니다
7페이지로 이동합니다
=== [사회 일반]현재 페이지 : 2 PAGE ===NOW TIME : 2022-01-26 00:21:40.502098
---Crop Start
뉴스 리스트 출력 : 18
=== [정치일반]현재 페이지 : 7 PAGE ===NOW TIME : 2022-01-26 00:21:42.403895
---Crop Start
뉴스 리스트 출력 : 20
=== [사회 일반]99 second ===
1페이지로 이동합니다
=== [정치일반]112 second ===
=== [사회 일반]현재 페이지 : 1 PAGE ===NOW TIME : 2022-01-26 00:23:36.638497
---Crop Start
뉴스 리스트 출력 : 20
6페이지로 이동합니다
=== [정치일반]현재 페이지 : 6 PAGE ===NOW TIME : 2022-01-26 00:23:46.775137
---Crop Start
뉴스 리스트 출력 : 20
=== [사회 일반]113 second ===
=== [정치일반]112 second ===
마지막 페이지 입니다.
5페이지로 이동합니다
쓰레드1 종료
=== [정치일반]현재 페이지 : 5 PAGE ===NOW TIME : 2022-01-26 00:25:51.732194
---Crop Start
뉴스 리스트 출력 : 20
=== [정치일반]93 second ===
4페이지로 이동합니다
=== [정치일반]현재 페이지 : 4 PAGE ===NOW TIME : 2022-01-26 00:27:34.037135
---Crop Start
뉴스 리스트 출력 : 17
=== [정치일반]78 second ===
3페이지로 이동합니다
=== [정치일반]현재 페이지 : 3 PAGE ===NOW TIME : 2022-01-26 00:29:01.239323
---Crop Start
뉴스 리스트 출력 : 19
=== [정치일반]88 second ===
2페이지로 이동합니다
=== [정치일반]현재 페이지 : 2 PAGE ===NOW TIME : 2022-01-26 00:30:38.997086
---Crop Start
뉴스 리스트 출력 : 15
=== [정치일반]69 second ===
1페이지로 이동합니다
=== [정치일반]현재 페이지 : 1 PAGE ===NOW TIME : 2022-01-26 00:31:58.130455
---Crop Start
뉴스 리스트 출력 : 20
=== [정치일반]92 second ===
마지막 페이지 입니다.
쓰레드4 종료
S3 파일 업로드에 성공하였습니다.
DB 연결 : 172.19.0.3
s3 데이터가 성공적으로 업로드 되었습니다.
S3 파일 업로드에 성공하였습니다.
DB 연결 : 172.19.0.3
s3 데이터가 성공적으로 업로드 되었습니다.
